2015-01-20 18:00:16 Debug: Notice (8): Undefined index: dname2 in [C:\phpdocs\cake\incl\Controller\AjaxfuncsController.php, line 845]
Trace:
AjaxfuncsController::ajaxmovetop() - APP\Controller\AjaxfuncsController.php, line 845
ReflectionMethod::invokeArgs() - [internal], line ??
Controller::invokeAction() - CORE\Cake\Controller\Controller.php, line 490
Dispatcher::_invoke() - CORE\Cake\Routing\Dispatcher.php, line 191
Dispatcher::dispatch() - CORE\Cake\Routing\Dispatcher.php, line 165
[main] - APP\webroot\index.php, line 99

2015-01-21 14:07:33 Debug: Notice (8): Undefined index: gid in [C:\phpdocs\cake\incl\Controller\GroupMembersController.php, line 107]
Trace:
GroupMembersController::cometfunc() - APP\Controller\GroupMembersController.php, line 107
ReflectionMethod::invokeArgs() - [internal], line ??
Controller::invokeAction() - CORE\Cake\Controller\Controller.php, line 490
Dispatcher::_invoke() - CORE\Cake\Routing\Dispatcher.php, line 191
Dispatcher::dispatch() - CORE\Cake\Routing\Dispatcher.php, line 165
[main] - APP\webroot\index.php, line 99

2015-01-21 14:07:45 Debug: Notice (8): Undefined index: gid in [C:\phpdocs\cake\incl\Controller\GroupMembersController.php, line 107]
Trace:
GroupMembersController::cometfunc() - APP\Controller\GroupMembersController.php, line 107
ReflectionMethod::invokeArgs() - [internal], line ??
Controller::invokeAction() - CORE\Cake\Controller\Controller.php, line 490
Dispatcher::_invoke() - CORE\Cake\Routing\Dispatcher.php, line 191
Dispatcher::dispatch() - CORE\Cake\Routing\Dispatcher.php, line 165
[main] - APP\webroot\index.php, line 99

2015-01-21 14:07:55 Debug: Notice (8): Undefined index: gid in [C:\phpdocs\cake\incl\Controller\GroupMembersController.php, line 107]
Trace:
GroupMembersController::cometfunc() - APP\Controller\GroupMembersController.php, line 107
ReflectionMethod::invokeArgs() - [internal], line ??
Controller::invokeAction() - CORE\Cake\Controller\Controller.php, line 490
Dispatcher::_invoke() - CORE\Cake\Routing\Dispatcher.php, line 191
Dispatcher::dispatch() - CORE\Cake\Routing\Dispatcher.php, line 165
[main] - APP\webroot\index.php, line 99

2015-01-21 14:07:57 Debug: Notice (8): Undefined index: gid in [C:\phpdocs\cake\incl\Controller\GroupMembersController.php, line 107]
Trace:
GroupMembersController::cometfunc() - APP\Controller\GroupMembersController.php, line 107
ReflectionMethod::invokeArgs() - [internal], line ??
Controller::invokeAction() - CORE\Cake\Controller\Controller.php, line 490
Dispatcher::_invoke() - CORE\Cake\Routing\Dispatcher.php, line 191
Dispatcher::dispatch() - CORE\Cake\Routing\Dispatcher.php, line 165
[main] - APP\webroot\index.php, line 99

2015-01-21 14:08:09 Debug: Notice (8): Undefined index: gid in [C:\phpdocs\cake\incl\Controller\GroupMembersController.php, line 107]
Trace:
GroupMembersController::cometfunc() - APP\Controller\GroupMembersController.php, line 107
ReflectionMethod::invokeArgs() - [internal], line ??
Controller::invokeAction() - CORE\Cake\Controller\Controller.php, line 490
Dispatcher::_invoke() - CORE\Cake\Routing\Dispatcher.php, line 191
Dispatcher::dispatch() - CORE\Cake\Routing\Dispatcher.php, line 165
[main] - APP\webroot\index.php, line 99

2015-01-21 14:08:12 Debug: Notice (8): Undefined index: gid in [C:\phpdocs\cake\incl\Controller\GroupMembersController.php, line 107]
Trace:
GroupMembersController::cometfunc() - APP\Controller\GroupMembersController.php, line 107
ReflectionMethod::invokeArgs() - [internal], line ??
Controller::invokeAction() - CORE\Cake\Controller\Controller.php, line 490
Dispatcher::_invoke() - CORE\Cake\Routing\Dispatcher.php, line 191
Dispatcher::dispatch() - CORE\Cake\Routing\Dispatcher.php, line 165
[main] - APP\webroot\index.php, line 99

2015-01-21 14:08:12 Debug: Notice (8): Undefined index: CHAT_NAME in [C:\phpdocs\cake\incl\Controller\GroupMembersController.php, line 175]
Trace:
GroupMembersController::cometfunc() - APP\Controller\GroupMembersController.php, line 175
ReflectionMethod::invokeArgs() - [internal], line ??
Controller::invokeAction() - CORE\Cake\Controller\Controller.php, line 490
Dispatcher::_invoke() - CORE\Cake\Routing\Dispatcher.php, line 191
Dispatcher::dispatch() - CORE\Cake\Routing\Dispatcher.php, line 165
[main] - APP\webroot\index.php, line 99

2015-01-21 14:08:12 Debug: Notice (8): Undefined index: CHAT_COLOR in [C:\phpdocs\cake\incl\Controller\GroupMembersController.php, line 175]
Trace:
GroupMembersController::cometfunc() - APP\Controller\GroupMembersController.php, line 175
ReflectionMethod::invokeArgs() - [internal], line ??
Controller::invokeAction() - CORE\Cake\Controller\Controller.php, line 490
Dispatcher::_invoke() - CORE\Cake\Routing\Dispatcher.php, line 191
Dispatcher::dispatch() - CORE\Cake\Routing\Dispatcher.php, line 165
[main] - APP\webroot\index.php, line 99

2015-01-21 14:08:12 Debug: Notice (8): Undefined index: CHAT_NAME in [C:\phpdocs\cake\incl\Controller\GroupMembersController.php, line 180]
Trace:
GroupMembersController::cometfunc() - APP\Controller\GroupMembersController.php, line 180
ReflectionMethod::invokeArgs() - [internal], line ??
Controller::invokeAction() - CORE\Cake\Controller\Controller.php, line 490
Dispatcher::_invoke() - CORE\Cake\Routing\Dispatcher.php, line 191
Dispatcher::dispatch() - CORE\Cake\Routing\Dispatcher.php, line 165
[main] - APP\webroot\index.php, line 99

2015-01-21 14:08:13 Debug: Notice (8): Undefined index: gid in [C:\phpdocs\cake\incl\Controller\GroupMembersController.php, line 107]
Trace:
GroupMembersController::cometfunc() - APP\Controller\GroupMembersController.php, line 107
ReflectionMethod::invokeArgs() - [internal], line ??
Controller::invokeAction() - CORE\Cake\Controller\Controller.php, line 490
Dispatcher::_invoke() - CORE\Cake\Routing\Dispatcher.php, line 191
Dispatcher::dispatch() - CORE\Cake\Routing\Dispatcher.php, line 165
[main] - APP\webroot\index.php, line 99

2015-01-21 14:08:21 Debug: Notice (8): Undefined index: gid in [C:\phpdocs\cake\incl\Controller\GroupMembersController.php, line 107]
Trace:
GroupMembersController::cometfunc() - APP\Controller\GroupMembersController.php, line 107
ReflectionMethod::invokeArgs() - [internal], line ??
Controller::invokeAction() - CORE\Cake\Controller\Controller.php, line 490
Dispatcher::_invoke() - CORE\Cake\Routing\Dispatcher.php, line 191
Dispatcher::dispatch() - CORE\Cake\Routing\Dispatcher.php, line 165
[main] - APP\webroot\index.php, line 99

2015-01-21 14:08:32 Debug: Notice (8): Undefined index: gid in [C:\phpdocs\cake\incl\Controller\GroupMembersController.php, line 107]
Trace:
GroupMembersController::cometfunc() - APP\Controller\GroupMembersController.php, line 107
ReflectionMethod::invokeArgs() - [internal], line ??
Controller::invokeAction() - CORE\Cake\Controller\Controller.php, line 490
Dispatcher::_invoke() - CORE\Cake\Routing\Dispatcher.php, line 191
Dispatcher::dispatch() - CORE\Cake\Routing\Dispatcher.php, line 165
[main] - APP\webroot\index.php, line 99

2015-01-21 14:08:34 Debug: Notice (8): Undefined index: gid in [C:\phpdocs\cake\incl\Controller\GroupMembersController.php, line 107]
Trace:
GroupMembersController::cometfunc() - APP\Controller\GroupMembersController.php, line 107
ReflectionMethod::invokeArgs() - [internal], line ??
Controller::invokeAction() - CORE\Cake\Controller\Controller.php, line 490
Dispatcher::_invoke() - CORE\Cake\Routing\Dispatcher.php, line 191
Dispatcher::dispatch() - CORE\Cake\Routing\Dispatcher.php, line 165
[main] - APP\webroot\index.php, line 99

2015-01-21 14:08:34 Debug: Notice (8): Undefined index: CHAT_NAME in [C:\phpdocs\cake\incl\Controller\GroupMembersController.php, line 175]
Trace:
GroupMembersController::cometfunc() - APP\Controller\GroupMembersController.php, line 175
ReflectionMethod::invokeArgs() - [internal], line ??
Controller::invokeAction() - CORE\Cake\Controller\Controller.php, line 490
Dispatcher::_invoke() - CORE\Cake\Routing\Dispatcher.php, line 191
Dispatcher::dispatch() - CORE\Cake\Routing\Dispatcher.php, line 165
[main] - APP\webroot\index.php, line 99

2015-01-21 14:08:34 Debug: Notice (8): Undefined index: CHAT_COLOR in [C:\phpdocs\cake\incl\Controller\GroupMembersController.php, line 175]
Trace:
GroupMembersController::cometfunc() - APP\Controller\GroupMembersController.php, line 175
ReflectionMethod::invokeArgs() - [internal], line ??
Controller::invokeAction() - CORE\Cake\Controller\Controller.php, line 490
Dispatcher::_invoke() - CORE\Cake\Routing\Dispatcher.php, line 191
Dispatcher::dispatch() - CORE\Cake\Routing\Dispatcher.php, line 165
[main] - APP\webroot\index.php, line 99

2015-01-21 14:08:34 Debug: Notice (8): Undefined index: CHAT_NAME in [C:\phpdocs\cake\incl\Controller\GroupMembersController.php, line 180]
Trace:
GroupMembersController::cometfunc() - APP\Controller\GroupMembersController.php, line 180
ReflectionMethod::invokeArgs() - [internal], line ??
Controller::invokeAction() - CORE\Cake\Controller\Controller.php, line 490
Dispatcher::_invoke() - CORE\Cake\Routing\Dispatcher.php, line 191
Dispatcher::dispatch() - CORE\Cake\Routing\Dispatcher.php, line 165
[main] - APP\webroot\index.php, line 99

2015-01-21 14:08:35 Debug: Notice (8): Undefined index: gid in [C:\phpdocs\cake\incl\Controller\GroupMembersController.php, line 107]
Trace:
GroupMembersController::cometfunc() - APP\Controller\GroupMembersController.php, line 107
ReflectionMethod::invokeArgs() - [internal], line ??
Controller::invokeAction() - CORE\Cake\Controller\Controller.php, line 490
Dispatcher::_invoke() - CORE\Cake\Routing\Dispatcher.php, line 191
Dispatcher::dispatch() - CORE\Cake\Routing\Dispatcher.php, line 165
[main] - APP\webroot\index.php, line 99

2015-01-21 14:08:44 Debug: Notice (8): Undefined index: gid in [C:\phpdocs\cake\incl\Controller\GroupMembersController.php, line 107]
Trace:
GroupMembersController::cometfunc() - APP\Controller\GroupMembersController.php, line 107
ReflectionMethod::invokeArgs() - [internal], line ??
Controller::invokeAction() - CORE\Cake\Controller\Controller.php, line 490
Dispatcher::_invoke() - CORE\Cake\Routing\Dispatcher.php, line 191
Dispatcher::dispatch() - CORE\Cake\Routing\Dispatcher.php, line 165
[main] - APP\webroot\index.php, line 99

2015-01-21 14:08:56 Debug: Notice (8): Undefined index: gid in [C:\phpdocs\cake\incl\Controller\GroupMembersController.php, line 107]
Trace:
GroupMembersController::cometfunc() - APP\Controller\GroupMembersController.php, line 107
ReflectionMethod::invokeArgs() - [internal], line ??
Controller::invokeAction() - CORE\Cake\Controller\Controller.php, line 490
Dispatcher::_invoke() - CORE\Cake\Routing\Dispatcher.php, line 191
Dispatcher::dispatch() - CORE\Cake\Routing\Dispatcher.php, line 165
[main] - APP\webroot\index.php, line 99

2015-01-21 14:09:09 Debug: Notice (8): Undefined index: gid in [C:\phpdocs\cake\incl\Controller\GroupMembersController.php, line 107]
Trace:
GroupMembersController::cometfunc() - APP\Controller\GroupMembersController.php, line 107
ReflectionMethod::invokeArgs() - [internal], line ??
Controller::invokeAction() - CORE\Cake\Controller\Controller.php, line 490
Dispatcher::_invoke() - CORE\Cake\Routing\Dispatcher.php, line 191
Dispatcher::dispatch() - CORE\Cake\Routing\Dispatcher.php, line 165
[main] - APP\webroot\index.php, line 99

2015-01-21 14:25:08 Debug: Notice (8): Undefined index: CHAT_NAME in [C:\phpdocs\cake\incl\Controller\GroupMembersController.php, line 175]
Trace:
GroupMembersController::cometfunc() - APP\Controller\GroupMembersController.php, line 175
ReflectionMethod::invokeArgs() - [internal], line ??
Controller::invokeAction() - CORE\Cake\Controller\Controller.php, line 490
Dispatcher::_invoke() - CORE\Cake\Routing\Dispatcher.php, line 191
Dispatcher::dispatch() - CORE\Cake\Routing\Dispatcher.php, line 165
[main] - APP\webroot\index.php, line 99

2015-01-21 14:25:08 Debug: Notice (8): Undefined index: CHAT_COLOR in [C:\phpdocs\cake\incl\Controller\GroupMembersController.php, line 175]
Trace:
GroupMembersController::cometfunc() - APP\Controller\GroupMembersController.php, line 175
ReflectionMethod::invokeArgs() - [internal], line ??
Controller::invokeAction() - CORE\Cake\Controller\Controller.php, line 490
Dispatcher::_invoke() - CORE\Cake\Routing\Dispatcher.php, line 191
Dispatcher::dispatch() - CORE\Cake\Routing\Dispatcher.php, line 165
[main] - APP\webroot\index.php, line 99

2015-01-21 14:25:08 Debug: Notice (8): Undefined index: CHAT_NAME in [C:\phpdocs\cake\incl\Controller\GroupMembersController.php, line 180]
Trace:
GroupMembersController::cometfunc() - APP\Controller\GroupMembersController.php, line 180
ReflectionMethod::invokeArgs() - [internal], line ??
Controller::invokeAction() - CORE\Cake\Controller\Controller.php, line 490
Dispatcher::_invoke() - CORE\Cake\Routing\Dispatcher.php, line 191
Dispatcher::dispatch() - CORE\Cake\Routing\Dispatcher.php, line 165
[main] - APP\webroot\index.php, line 99

2015-01-21 14:25:23 Debug: Notice (8): Undefined index: CHAT_NAME in [C:\phpdocs\cake\incl\Controller\GroupMembersController.php, line 175]
Trace:
GroupMembersController::cometfunc() - APP\Controller\GroupMembersController.php, line 175
ReflectionMethod::invokeArgs() - [internal], line ??
Controller::invokeAction() - CORE\Cake\Controller\Controller.php, line 490
Dispatcher::_invoke() - CORE\Cake\Routing\Dispatcher.php, line 191
Dispatcher::dispatch() - CORE\Cake\Routing\Dispatcher.php, line 165
[main] - APP\webroot\index.php, line 99

2015-01-21 14:25:23 Debug: Notice (8): Undefined index: CHAT_COLOR in [C:\phpdocs\cake\incl\Controller\GroupMembersController.php, line 175]
Trace:
GroupMembersController::cometfunc() - APP\Controller\GroupMembersController.php, line 175
ReflectionMethod::invokeArgs() - [internal], line ??
Controller::invokeAction() - CORE\Cake\Controller\Controller.php, line 490
Dispatcher::_invoke() - CORE\Cake\Routing\Dispatcher.php, line 191
Dispatcher::dispatch() - CORE\Cake\Routing\Dispatcher.php, line 165
[main] - APP\webroot\index.php, line 99

2015-01-21 14:25:23 Debug: Notice (8): Undefined index: CHAT_NAME in [C:\phpdocs\cake\incl\Controller\GroupMembersController.php, line 180]
Trace:
GroupMembersController::cometfunc() - APP\Controller\GroupMembersController.php, line 180
ReflectionMethod::invokeArgs() - [internal], line ??
Controller::invokeAction() - CORE\Cake\Controller\Controller.php, line 490
Dispatcher::_invoke() - CORE\Cake\Routing\Dispatcher.php, line 191
Dispatcher::dispatch() - CORE\Cake\Routing\Dispatcher.php, line 165
[main] - APP\webroot\index.php, line 99

2015-01-21 15:40:41 Debug: Notice (8): Undefined index: CHAT_NAME in [C:\phpdocs\cake\incl\Controller\GroupMembersController.php, line 175]
Trace:
GroupMembersController::cometfunc() - APP\Controller\GroupMembersController.php, line 175
ReflectionMethod::invokeArgs() - [internal], line ??
Controller::invokeAction() - CORE\Cake\Controller\Controller.php, line 490
Dispatcher::_invoke() - CORE\Cake\Routing\Dispatcher.php, line 191
Dispatcher::dispatch() - CORE\Cake\Routing\Dispatcher.php, line 165
[main] - APP\webroot\index.php, line 99

2015-01-21 15:40:41 Debug: Notice (8): Undefined index: CHAT_COLOR in [C:\phpdocs\cake\incl\Controller\GroupMembersController.php, line 175]
Trace:
GroupMembersController::cometfunc() - APP\Controller\GroupMembersController.php, line 175
ReflectionMethod::invokeArgs() - [internal], line ??
Controller::invokeAction() - CORE\Cake\Controller\Controller.php, line 490
Dispatcher::_invoke() - CORE\Cake\Routing\Dispatcher.php, line 191
Dispatcher::dispatch() - CORE\Cake\Routing\Dispatcher.php, line 165
[main] - APP\webroot\index.php, line 99

2015-01-21 15:40:41 Debug: Notice (8): Undefined index: CHAT_NAME in [C:\phpdocs\cake\incl\Controller\GroupMembersController.php, line 180]
Trace:
GroupMembersController::cometfunc() - APP\Controller\GroupMembersController.php, line 180
ReflectionMethod::invokeArgs() - [internal], line ??
Controller::invokeAction() - CORE\Cake\Controller\Controller.php, line 490
Dispatcher::_invoke() - CORE\Cake\Routing\Dispatcher.php, line 191
Dispatcher::dispatch() - CORE\Cake\Routing\Dispatcher.php, line 165
[main] - APP\webroot\index.php, line 99

2015-01-22 01:59:03 Debug: Notice (8): Undefined index: CHAT_NAME in [C:\phpdocs\cake\incl\Controller\GroupMembersController.php, line 175]
Trace:
GroupMembersController::cometfunc() - APP\Controller\GroupMembersController.php, line 175
ReflectionMethod::invokeArgs() - [internal], line ??
Controller::invokeAction() - CORE\Cake\Controller\Controller.php, line 490
Dispatcher::_invoke() - CORE\Cake\Routing\Dispatcher.php, line 191
Dispatcher::dispatch() - CORE\Cake\Routing\Dispatcher.php, line 165
[main] - APP\webroot\index.php, line 99

2015-01-22 01:59:03 Debug: Notice (8): Undefined index: CHAT_COLOR in [C:\phpdocs\cake\incl\Controller\GroupMembersController.php, line 175]
Trace:
GroupMembersController::cometfunc() - APP\Controller\GroupMembersController.php, line 175
ReflectionMethod::invokeArgs() - [internal], line ??
Controller::invokeAction() - CORE\Cake\Controller\Controller.php, line 490
Dispatcher::_invoke() - CORE\Cake\Routing\Dispatcher.php, line 191
Dispatcher::dispatch() - CORE\Cake\Routing\Dispatcher.php, line 165
[main] - APP\webroot\index.php, line 99

2015-01-22 01:59:03 Debug: Notice (8): Undefined index: CHAT_NAME in [C:\phpdocs\cake\incl\Controller\GroupMembersController.php, line 180]
Trace:
GroupMembersController::cometfunc() - APP\Controller\GroupMembersController.php, line 180
ReflectionMethod::invokeArgs() - [internal], line ??
Controller::invokeAction() - CORE\Cake\Controller\Controller.php, line 490
Dispatcher::_invoke() - CORE\Cake\Routing\Dispatcher.php, line 191
Dispatcher::dispatch() - CORE\Cake\Routing\Dispatcher.php, line 165
[main] - APP\webroot\index.php, line 99

2015-01-22 02:08:58 Debug: Notice (8): Undefined variable: file in [C:\phpdocs\cake\incl\Controller\GroupMembersController.php, line 114]
Trace:
writeLog - APP\Controller\GroupMembersController.php, line 114
GroupMembersController::cometfunc() - APP\Controller\GroupMembersController.php, line 167
ReflectionMethod::invokeArgs() - [internal], line ??
Controller::invokeAction() - CORE\Cake\Controller\Controller.php, line 490
Dispatcher::_invoke() - CORE\Cake\Routing\Dispatcher.php, line 191
Dispatcher::dispatch() - CORE\Cake\Routing\Dispatcher.php, line 165
[main] - APP\webroot\index.php, line 99

2015-01-22 02:09:01 Debug: Notice (8): Undefined index: CHAT_NAME in [C:\phpdocs\cake\incl\Controller\GroupMembersController.php, line 176]
Trace:
GroupMembersController::cometfunc() - APP\Controller\GroupMembersController.php, line 176
ReflectionMethod::invokeArgs() - [internal], line ??
Controller::invokeAction() - CORE\Cake\Controller\Controller.php, line 490
Dispatcher::_invoke() - CORE\Cake\Routing\Dispatcher.php, line 191
Dispatcher::dispatch() - CORE\Cake\Routing\Dispatcher.php, line 165
[main] - APP\webroot\index.php, line 99

2015-01-22 02:09:01 Debug: Notice (8): Undefined index: CHAT_COLOR in [C:\phpdocs\cake\incl\Controller\GroupMembersController.php, line 176]
Trace:
GroupMembersController::cometfunc() - APP\Controller\GroupMembersController.php, line 176
ReflectionMethod::invokeArgs() - [internal], line ??
Controller::invokeAction() - CORE\Cake\Controller\Controller.php, line 490
Dispatcher::_invoke() - CORE\Cake\Routing\Dispatcher.php, line 191
Dispatcher::dispatch() - CORE\Cake\Routing\Dispatcher.php, line 165
[main] - APP\webroot\index.php, line 99

2015-01-22 02:09:01 Debug: Notice (8): Undefined variable: file in [C:\phpdocs\cake\incl\Controller\GroupMembersController.php, line 114]
Trace:
writeLog - APP\Controller\GroupMembersController.php, line 114
GroupMembersController::cometfunc() - APP\Controller\GroupMembersController.php, line 176
ReflectionMethod::invokeArgs() - [internal], line ??
Controller::invokeAction() - CORE\Cake\Controller\Controller.php, line 490
Dispatcher::_invoke() - CORE\Cake\Routing\Dispatcher.php, line 191
Dispatcher::dispatch() - CORE\Cake\Routing\Dispatcher.php, line 165
[main] - APP\webroot\index.php, line 99

2015-01-22 02:09:01 Debug: Notice (8): Undefined index: CHAT_NAME in [C:\phpdocs\cake\incl\Controller\GroupMembersController.php, line 181]
Trace:
GroupMembersController::cometfunc() - APP\Controller\GroupMembersController.php, line 181
ReflectionMethod::invokeArgs() - [internal], line ??
Controller::invokeAction() - CORE\Cake\Controller\Controller.php, line 490
Dispatcher::_invoke() - CORE\Cake\Routing\Dispatcher.php, line 191
Dispatcher::dispatch() - CORE\Cake\Routing\Dispatcher.php, line 165
[main] - APP\webroot\index.php, line 99

2015-01-22 02:10:17 Debug: Notice (8): Undefined index: CHAT_NAME in [C:\phpdocs\cake\incl\Controller\GroupMembersController.php, line 178]
Trace:
GroupMembersController::cometfunc() - APP\Controller\GroupMembersController.php, line 178
ReflectionMethod::invokeArgs() - [internal], line ??
Controller::invokeAction() - CORE\Cake\Controller\Controller.php, line 490
Dispatcher::_invoke() - CORE\Cake\Routing\Dispatcher.php, line 191
Dispatcher::dispatch() - CORE\Cake\Routing\Dispatcher.php, line 165
[main] - APP\webroot\index.php, line 99

2015-01-22 02:10:17 Debug: Notice (8): Undefined index: CHAT_COLOR in [C:\phpdocs\cake\incl\Controller\GroupMembersController.php, line 178]
Trace:
GroupMembersController::cometfunc() - APP\Controller\GroupMembersController.php, line 178
ReflectionMethod::invokeArgs() - [internal], line ??
Controller::invokeAction() - CORE\Cake\Controller\Controller.php, line 490
Dispatcher::_invoke() - CORE\Cake\Routing\Dispatcher.php, line 191
Dispatcher::dispatch() - CORE\Cake\Routing\Dispatcher.php, line 165
[main] - APP\webroot\index.php, line 99

2015-01-22 02:10:17 Debug: Notice (8): Undefined index: CHAT_NAME in [C:\phpdocs\cake\incl\Controller\GroupMembersController.php, line 183]
Trace:
GroupMembersController::cometfunc() - APP\Controller\GroupMembersController.php, line 183
ReflectionMethod::invokeArgs() - [internal], line ??
Controller::invokeAction() - CORE\Cake\Controller\Controller.php, line 490
Dispatcher::_invoke() - CORE\Cake\Routing\Dispatcher.php, line 191
Dispatcher::dispatch() - CORE\Cake\Routing\Dispatcher.php, line 165
[main] - APP\webroot\index.php, line 99

2015-01-22 02:16:30 Debug: Notice (8): Undefined variable: file in [C:\phpdocs\cake\incl\Controller\GroupMembersController.php, line 129]
Trace:
writeLog - APP\Controller\GroupMembersController.php, line 129
GroupMembersController::cometfunc() - APP\Controller\GroupMembersController.php, line 169
ReflectionMethod::invokeArgs() - [internal], line ??
Controller::invokeAction() - CORE\Cake\Controller\Controller.php, line 490
Dispatcher::_invoke() - CORE\Cake\Routing\Dispatcher.php, line 191
Dispatcher::dispatch() - CORE\Cake\Routing\Dispatcher.php, line 165
[main] - APP\webroot\index.php, line 99

2015-01-22 02:16:33 Debug: Notice (8): Undefined index: CHAT_NAME in [C:\phpdocs\cake\incl\Controller\GroupMembersController.php, line 178]
Trace:
GroupMembersController::cometfunc() - APP\Controller\GroupMembersController.php, line 178
ReflectionMethod::invokeArgs() - [internal], line ??
Controller::invokeAction() - CORE\Cake\Controller\Controller.php, line 490
Dispatcher::_invoke() - CORE\Cake\Routing\Dispatcher.php, line 191
Dispatcher::dispatch() - CORE\Cake\Routing\Dispatcher.php, line 165
[main] - APP\webroot\index.php, line 99

2015-01-22 02:16:33 Debug: Notice (8): Undefined index: CHAT_COLOR in [C:\phpdocs\cake\incl\Controller\GroupMembersController.php, line 178]
Trace:
GroupMembersController::cometfunc() - APP\Controller\GroupMembersController.php, line 178
ReflectionMethod::invokeArgs() - [internal], line ??
Controller::invokeAction() - CORE\Cake\Controller\Controller.php, line 490
Dispatcher::_invoke() - CORE\Cake\Routing\Dispatcher.php, line 191
Dispatcher::dispatch() - CORE\Cake\Routing\Dispatcher.php, line 165
[main] - APP\webroot\index.php, line 99

2015-01-22 02:16:33 Debug: Notice (8): Undefined variable: file in [C:\phpdocs\cake\incl\Controller\GroupMembersController.php, line 129]
Trace:
writeLog - APP\Controller\GroupMembersController.php, line 129
GroupMembersController::cometfunc() - APP\Controller\GroupMembersController.php, line 178
ReflectionMethod::invokeArgs() - [internal], line ??
Controller::invokeAction() - CORE\Cake\Controller\Controller.php, line 490
Dispatcher::_invoke() - CORE\Cake\Routing\Dispatcher.php, line 191
Dispatcher::dispatch() - CORE\Cake\Routing\Dispatcher.php, line 165
[main] - APP\webroot\index.php, line 99

2015-01-22 02:16:33 Debug: Notice (8): Undefined index: CHAT_NAME in [C:\phpdocs\cake\incl\Controller\GroupMembersController.php, line 183]
Trace:
GroupMembersController::cometfunc() - APP\Controller\GroupMembersController.php, line 183
ReflectionMethod::invokeArgs() - [internal], line ??
Controller::invokeAction() - CORE\Cake\Controller\Controller.php, line 490
Dispatcher::_invoke() - CORE\Cake\Routing\Dispatcher.php, line 191
Dispatcher::dispatch() - CORE\Cake\Routing\Dispatcher.php, line 165
[main] - APP\webroot\index.php, line 99

2015-01-22 15:06:44 Debug: Notice (8): Trying to get property of non-object in [C:\phpdocs\cake\lib\Cake\Model\Datasource\DboSource.php, line 1083]
Trace:
DboSource::read() - CORE\Cake\Model\Datasource\DboSource.php, line 1083
Model::_readDataSource() - CORE\Cake\Model\Model.php, line 2947
Model::find() - CORE\Cake\Model\Model.php, line 2919
AppController::beforeFilter() - APP\Controller\AppController.php, line 43
call_user_func - [internal], line ??
CakeEventManager::dispatch() - CORE\Cake\Event\CakeEventManager.php, line 242
Controller::startupProcess() - CORE\Cake\Controller\Controller.php, line 674
Dispatcher::_invoke() - CORE\Cake\Routing\Dispatcher.php, line 187
Dispatcher::dispatch() - CORE\Cake\Routing\Dispatcher.php, line 165
[main] - APP\webroot\index.php, line 99

2015-01-22 15:06:44 Debug: Notice (8): Trying to get property of non-object in [C:\phpdocs\cake\lib\Cake\Model\Datasource\DboSource.php, line 1128]
Trace:
DboSource::read() - CORE\Cake\Model\Datasource\DboSource.php, line 1128
Model::_readDataSource() - CORE\Cake\Model\Model.php, line 2947
Model::find() - CORE\Cake\Model\Model.php, line 2919
AppController::beforeFilter() - APP\Controller\AppController.php, line 43
call_user_func - [internal], line ??
CakeEventManager::dispatch() - CORE\Cake\Event\CakeEventManager.php, line 242
Controller::startupProcess() - CORE\Cake\Controller\Controller.php, line 674
Dispatcher::_invoke() - CORE\Cake\Routing\Dispatcher.php, line 187
Dispatcher::dispatch() - CORE\Cake\Routing\Dispatcher.php, line 165
[main] - APP\webroot\index.php, line 99

2015-01-22 15:06:44 Debug: Notice (8): Trying to get property of non-object in [C:\phpdocs\cake\lib\Cake\Model\Datasource\DboSource.php, line 1083]
Trace:
DboSource::read() - CORE\Cake\Model\Datasource\DboSource.php, line 1083
Model::_readDataSource() - CORE\Cake\Model\Model.php, line 2947
Model::find() - CORE\Cake\Model\Model.php, line 2919
AppController::beforeFilter() - APP\Controller\AppController.php, line 43
call_user_func - [internal], line ??
CakeEventManager::dispatch() - CORE\Cake\Event\CakeEventManager.php, line 242
Controller::startupProcess() - CORE\Cake\Controller\Controller.php, line 674
ExceptionRenderer::_getController() - CORE\Cake\Error\ExceptionRenderer.php, line 155
ExceptionRenderer::__construct() - CORE\Cake\Error\ExceptionRenderer.php, line 92
ErrorHandler::handleException() - CORE\Cake\Error\ErrorHandler.php, line 118
call_user_func - [internal], line ??
ErrorHandler::handleFatalError() - CORE\Cake\Error\ErrorHandler.php, line 254
ErrorHandler::handleError() - CORE\Cake\Error\ErrorHandler.php, line 203
call_user_func - [internal], line ??
App::_checkFatalError() - CORE\Cake\Core\App.php, line 931
App::shutdown() - CORE\Cake\Core\App.php, line 904
[main] - [internal], line ??

2015-01-22 15:06:44 Debug: Notice (8): Trying to get property of non-object in [C:\phpdocs\cake\lib\Cake\Model\Datasource\DboSource.php, line 1128]
Trace:
DboSource::read() - CORE\Cake\Model\Datasource\DboSource.php, line 1128
Model::_readDataSource() - CORE\Cake\Model\Model.php, line 2947
Model::find() - CORE\Cake\Model\Model.php, line 2919
AppController::beforeFilter() - APP\Controller\AppController.php, line 43
call_user_func - [internal], line ??
CakeEventManager::dispatch() - CORE\Cake\Event\CakeEventManager.php, line 242
Controller::startupProcess() - CORE\Cake\Controller\Controller.php, line 674
ExceptionRenderer::_getController() - CORE\Cake\Error\ExceptionRenderer.php, line 155
ExceptionRenderer::__construct() - CORE\Cake\Error\ExceptionRenderer.php, line 92
ErrorHandler::handleException() - CORE\Cake\Error\ErrorHandler.php, line 118
call_user_func - [internal], line ??
ErrorHandler::handleFatalError() - CORE\Cake\Error\ErrorHandler.php, line 254
ErrorHandler::handleError() - CORE\Cake\Error\ErrorHandler.php, line 203
call_user_func - [internal], line ??
App::_checkFatalError() - CORE\Cake\Core\App.php, line 931
App::shutdown() - CORE\Cake\Core\App.php, line 904
[main] - [internal], line ??

2015-01-22 15:13:31 Debug: Notice (8): Trying to get property of non-object in [C:\phpdocs\cake\lib\Cake\Model\Datasource\DboSource.php, line 1083]
Trace:
DboSource::read() - CORE\Cake\Model\Datasource\DboSource.php, line 1083
Model::_readDataSource() - CORE\Cake\Model\Model.php, line 2947
Model::find() - CORE\Cake\Model\Model.php, line 2919
AppController::beforeFilter() - APP\Controller\AppController.php, line 43
call_user_func - [internal], line ??
CakeEventManager::dispatch() - CORE\Cake\Event\CakeEventManager.php, line 242
Controller::startupProcess() - CORE\Cake\Controller\Controller.php, line 674
Dispatcher::_invoke() - CORE\Cake\Routing\Dispatcher.php, line 187
Dispatcher::dispatch() - CORE\Cake\Routing\Dispatcher.php, line 165
[main] - APP\webroot\index.php, line 99

2015-01-22 15:13:31 Debug: Notice (8): Trying to get property of non-object in [C:\phpdocs\cake\lib\Cake\Model\Datasource\DboSource.php, line 1128]
Trace:
DboSource::read() - CORE\Cake\Model\Datasource\DboSource.php, line 1128
Model::_readDataSource() - CORE\Cake\Model\Model.php, line 2947
Model::find() - CORE\Cake\Model\Model.php, line 2919
AppController::beforeFilter() - APP\Controller\AppController.php, line 43
call_user_func - [internal], line ??
CakeEventManager::dispatch() - CORE\Cake\Event\CakeEventManager.php, line 242
Controller::startupProcess() - CORE\Cake\Controller\Controller.php, line 674
Dispatcher::_invoke() - CORE\Cake\Routing\Dispatcher.php, line 187
Dispatcher::dispatch() - CORE\Cake\Routing\Dispatcher.php, line 165
[main] - APP\webroot\index.php, line 99

2015-01-22 15:13:31 Debug: Notice (8): Trying to get property of non-object in [C:\phpdocs\cake\lib\Cake\Model\Datasource\DboSource.php, line 1083]
Trace:
DboSource::read() - CORE\Cake\Model\Datasource\DboSource.php, line 1083
Model::_readDataSource() - CORE\Cake\Model\Model.php, line 2947
Model::find() - CORE\Cake\Model\Model.php, line 2919
AppController::beforeFilter() - APP\Controller\AppController.php, line 43
call_user_func - [internal], line ??
CakeEventManager::dispatch() - CORE\Cake\Event\CakeEventManager.php, line 242
Controller::startupProcess() - CORE\Cake\Controller\Controller.php, line 674
ExceptionRenderer::_getController() - CORE\Cake\Error\ExceptionRenderer.php, line 155
ExceptionRenderer::__construct() - CORE\Cake\Error\ExceptionRenderer.php, line 92
ErrorHandler::handleException() - CORE\Cake\Error\ErrorHandler.php, line 118
call_user_func - [internal], line ??
ErrorHandler::handleFatalError() - CORE\Cake\Error\ErrorHandler.php, line 254
ErrorHandler::handleError() - CORE\Cake\Error\ErrorHandler.php, line 203
call_user_func - [internal], line ??
App::_checkFatalError() - CORE\Cake\Core\App.php, line 931
App::shutdown() - CORE\Cake\Core\App.php, line 904
[main] - [internal], line ??

2015-01-22 15:13:31 Debug: Notice (8): Trying to get property of non-object in [C:\phpdocs\cake\lib\Cake\Model\Datasource\DboSource.php, line 1128]
Trace:
DboSource::read() - CORE\Cake\Model\Datasource\DboSource.php, line 1128
Model::_readDataSource() - CORE\Cake\Model\Model.php, line 2947
Model::find() - CORE\Cake\Model\Model.php, line 2919
AppController::beforeFilter() - APP\Controller\AppController.php, line 43
call_user_func - [internal], line ??
CakeEventManager::dispatch() - CORE\Cake\Event\CakeEventManager.php, line 242
Controller::startupProcess() - CORE\Cake\Controller\Controller.php, line 674
ExceptionRenderer::_getController() - CORE\Cake\Error\ExceptionRenderer.php, line 155
ExceptionRenderer::__construct() - CORE\Cake\Error\ExceptionRenderer.php, line 92
ErrorHandler::handleException() - CORE\Cake\Error\ErrorHandler.php, line 118
call_user_func - [internal], line ??
ErrorHandler::handleFatalError() - CORE\Cake\Error\ErrorHandler.php, line 254
ErrorHandler::handleError() - CORE\Cake\Error\ErrorHandler.php, line 203
call_user_func - [internal], line ??
App::_checkFatalError() - CORE\Cake\Core\App.php, line 931
App::shutdown() - CORE\Cake\Core\App.php, line 904
[main] - [internal], line ??

2015-01-22 15:17:04 Debug: Notice (8): Trying to get property of non-object in [C:\phpdocs\cake\lib\Cake\Model\Datasource\DboSource.php, line 1083]
Trace:
DboSource::read() - CORE\Cake\Model\Datasource\DboSource.php, line 1083
Model::_readDataSource() - CORE\Cake\Model\Model.php, line 2947
Model::find() - CORE\Cake\Model\Model.php, line 2919
AppController::beforeFilter() - APP\Controller\AppController.php, line 43
call_user_func - [internal], line ??
CakeEventManager::dispatch() - CORE\Cake\Event\CakeEventManager.php, line 242
Controller::startupProcess() - CORE\Cake\Controller\Controller.php, line 674
Dispatcher::_invoke() - CORE\Cake\Routing\Dispatcher.php, line 187
Dispatcher::dispatch() - CORE\Cake\Routing\Dispatcher.php, line 165
[main] - APP\webroot\index.php, line 99

2015-01-22 15:17:04 Debug: Notice (8): Trying to get property of non-object in [C:\phpdocs\cake\lib\Cake\Model\Datasource\DboSource.php, line 1128]
Trace:
DboSource::read() - CORE\Cake\Model\Datasource\DboSource.php, line 1128
Model::_readDataSource() - CORE\Cake\Model\Model.php, line 2947
Model::find() - CORE\Cake\Model\Model.php, line 2919
AppController::beforeFilter() - APP\Controller\AppController.php, line 43
call_user_func - [internal], line ??
CakeEventManager::dispatch() - CORE\Cake\Event\CakeEventManager.php, line 242
Controller::startupProcess() - CORE\Cake\Controller\Controller.php, line 674
Dispatcher::_invoke() - CORE\Cake\Routing\Dispatcher.php, line 187
Dispatcher::dispatch() - CORE\Cake\Routing\Dispatcher.php, line 165
[main] - APP\webroot\index.php, line 99

2015-01-22 15:17:04 Debug: Notice (8): Trying to get property of non-object in [C:\phpdocs\cake\lib\Cake\Model\Datasource\DboSource.php, line 1083]
Trace:
DboSource::read() - CORE\Cake\Model\Datasource\DboSource.php, line 1083
Model::_readDataSource() - CORE\Cake\Model\Model.php, line 2947
Model::find() - CORE\Cake\Model\Model.php, line 2919
AppController::beforeFilter() - APP\Controller\AppController.php, line 43
call_user_func - [internal], line ??
CakeEventManager::dispatch() - CORE\Cake\Event\CakeEventManager.php, line 242
Controller::startupProcess() - CORE\Cake\Controller\Controller.php, line 674
ExceptionRenderer::_getController() - CORE\Cake\Error\ExceptionRenderer.php, line 155
ExceptionRenderer::__construct() - CORE\Cake\Error\ExceptionRenderer.php, line 92
ErrorHandler::handleException() - CORE\Cake\Error\ErrorHandler.php, line 118
call_user_func - [internal], line ??
ErrorHandler::handleFatalError() - CORE\Cake\Error\ErrorHandler.php, line 254
ErrorHandler::handleError() - CORE\Cake\Error\ErrorHandler.php, line 203
call_user_func - [internal], line ??
App::_checkFatalError() - CORE\Cake\Core\App.php, line 931
App::shutdown() - CORE\Cake\Core\App.php, line 904
[main] - [internal], line ??

2015-01-22 15:17:04 Debug: Notice (8): Trying to get property of non-object in [C:\phpdocs\cake\lib\Cake\Model\Datasource\DboSource.php, line 1128]
Trace:
DboSource::read() - CORE\Cake\Model\Datasource\DboSource.php, line 1128
Model::_readDataSource() - CORE\Cake\Model\Model.php, line 2947
Model::find() - CORE\Cake\Model\Model.php, line 2919
AppController::beforeFilter() - APP\Controller\AppController.php, line 43
call_user_func - [internal], line ??
CakeEventManager::dispatch() - CORE\Cake\Event\CakeEventManager.php, line 242
Controller::startupProcess() - CORE\Cake\Controller\Controller.php, line 674
ExceptionRenderer::_getController() - CORE\Cake\Error\ExceptionRenderer.php, line 155
ExceptionRenderer::__construct() - CORE\Cake\Error\ExceptionRenderer.php, line 92
ErrorHandler::handleException() - CORE\Cake\Error\ErrorHandler.php, line 118
call_user_func - [internal], line ??
ErrorHandler::handleFatalError() - CORE\Cake\Error\ErrorHandler.php, line 254
ErrorHandler::handleError() - CORE\Cake\Error\ErrorHandler.php, line 203
call_user_func - [internal], line ??
App::_checkFatalError() - CORE\Cake\Core\App.php, line 931
App::shutdown() - CORE\Cake\Core\App.php, line 904
[main] - [internal], line ??

2015-01-23 01:48:42 Debug: Notice (8): Indirect modification of overloaded property CakeErrorController::$User has no effect in [C:\phpdocs\cake\incl\Controller\AppController.php, line 38]
Trace:
AppController::beforeFilter() - APP\Controller\AppController.php, line 38
call_user_func - [internal], line ??
CakeEventManager::dispatch() - CORE\Cake\Event\CakeEventManager.php, line 242
Controller::startupProcess() - CORE\Cake\Controller\Controller.php, line 674
ExceptionRenderer::_getController() - CORE\Cake\Error\ExceptionRenderer.php, line 155
ExceptionRenderer::__construct() - CORE\Cake\Error\ExceptionRenderer.php, line 92
ErrorHandler::handleException() - CORE\Cake\Error\ErrorHandler.php, line 118
[main] - [internal], line ??

2015-01-23 01:48:42 Debug: Notice (8): Indirect modification of overloaded property CakeErrorController::$User has no effect in [C:\phpdocs\cake\incl\Controller\AppController.php, line 38]
Trace:
AppController::beforeFilter() - APP\Controller\AppController.php, line 38
call_user_func - [internal], line ??
CakeEventManager::dispatch() - CORE\Cake\Event\CakeEventManager.php, line 242
Controller::startupProcess() - CORE\Cake\Controller\Controller.php, line 674
ExceptionRenderer::_getController() - CORE\Cake\Error\ExceptionRenderer.php, line 155
ExceptionRenderer::__construct() - CORE\Cake\Error\ExceptionRenderer.php, line 92
ErrorHandler::handleException() - CORE\Cake\Error\ErrorHandler.php, line 118
call_user_func - [internal], line ??
ErrorHandler::handleFatalError() - CORE\Cake\Error\ErrorHandler.php, line 254
ErrorHandler::handleError() - CORE\Cake\Error\ErrorHandler.php, line 203
call_user_func - [internal], line ??
App::_checkFatalError() - CORE\Cake\Core\App.php, line 931
App::shutdown() - CORE\Cake\Core\App.php, line 904
[main] - [internal], line ??

2015-01-24 01:15:34 Debug: Notice (8): Undefined index: xdata in [C:\phpdocs\cake\incl\Controller\GroupMembersController.php, line 156]
Trace:
GroupMembersController::cometfunc() - APP\Controller\GroupMembersController.php, line 156
ReflectionMethod::invokeArgs() - [internal], line ??
Controller::invokeAction() - CORE\Cake\Controller\Controller.php, line 490
Dispatcher::_invoke() - CORE\Cake\Routing\Dispatcher.php, line 191
Dispatcher::dispatch() - CORE\Cake\Routing\Dispatcher.php, line 165
[main] - APP\webroot\index.php, line 99

2015-01-24 01:48:09 Debug: Notice (8): Indirect modification of overloaded property TopsController::$User has no effect in [C:\phpdocs\cake\incl\Controller\AppController.php, line 38]
Trace:
AppController::beforeFilter() - APP\Controller\AppController.php, line 38
call_user_func - [internal], line ??
CakeEventManager::dispatch() - CORE\Cake\Event\CakeEventManager.php, line 242
Controller::startupProcess() - CORE\Cake\Controller\Controller.php, line 674
Dispatcher::_invoke() - CORE\Cake\Routing\Dispatcher.php, line 187
Dispatcher::dispatch() - CORE\Cake\Routing\Dispatcher.php, line 165
[main] - APP\webroot\index.php, line 99

2015-01-24 01:48:09 Debug: Notice (8): Indirect modification of overloaded property CakeErrorController::$User has no effect in [C:\phpdocs\cake\incl\Controller\AppController.php, line 38]
Trace:
AppController::beforeFilter() - APP\Controller\AppController.php, line 38
call_user_func - [internal], line ??
CakeEventManager::dispatch() - CORE\Cake\Event\CakeEventManager.php, line 242
Controller::startupProcess() - CORE\Cake\Controller\Controller.php, line 674
ExceptionRenderer::_getController() - CORE\Cake\Error\ExceptionRenderer.php, line 155
ExceptionRenderer::__construct() - CORE\Cake\Error\ExceptionRenderer.php, line 92
ErrorHandler::handleException() - CORE\Cake\Error\ErrorHandler.php, line 118
call_user_func - [internal], line ??
ErrorHandler::handleFatalError() - CORE\Cake\Error\ErrorHandler.php, line 254
ErrorHandler::handleError() - CORE\Cake\Error\ErrorHandler.php, line 203
call_user_func - [internal], line ??
App::_checkFatalError() - CORE\Cake\Core\App.php, line 931
App::shutdown() - CORE\Cake\Core\App.php, line 904
[main] - [internal], line ??

2015-01-24 01:48:17 Debug: Notice (8): Indirect modification of overloaded property TopsController::$User has no effect in [C:\phpdocs\cake\incl\Controller\AppController.php, line 38]
Trace:
AppController::beforeFilter() - APP\Controller\AppController.php, line 38
call_user_func - [internal], line ??
CakeEventManager::dispatch() - CORE\Cake\Event\CakeEventManager.php, line 242
Controller::startupProcess() - CORE\Cake\Controller\Controller.php, line 674
Dispatcher::_invoke() - CORE\Cake\Routing\Dispatcher.php, line 187
Dispatcher::dispatch() - CORE\Cake\Routing\Dispatcher.php, line 165
[main] - APP\webroot\index.php, line 99

2015-01-24 01:48:17 Debug: Notice (8): Indirect modification of overloaded property CakeErrorController::$User has no effect in [C:\phpdocs\cake\incl\Controller\AppController.php, line 38]
Trace:
AppController::beforeFilter() - APP\Controller\AppController.php, line 38
call_user_func - [internal], line ??
CakeEventManager::dispatch() - CORE\Cake\Event\CakeEventManager.php, line 242
Controller::startupProcess() - CORE\Cake\Controller\Controller.php, line 674
ExceptionRenderer::_getController() - CORE\Cake\Error\ExceptionRenderer.php, line 155
ExceptionRenderer::__construct() - CORE\Cake\Error\ExceptionRenderer.php, line 92
ErrorHandler::handleException() - CORE\Cake\Error\ErrorHandler.php, line 118
call_user_func - [internal], line ??
ErrorHandler::handleFatalError() - CORE\Cake\Error\ErrorHandler.php, line 254
ErrorHandler::handleError() - CORE\Cake\Error\ErrorHandler.php, line 203
call_user_func - [internal], line ??
App::_checkFatalError() - CORE\Cake\Core\App.php, line 931
App::shutdown() - CORE\Cake\Core\App.php, line 904
[main] - [internal], line ??

2015-01-24 01:48:20 Debug: Notice (8): Indirect modification of overloaded property TopsController::$User has no effect in [C:\phpdocs\cake\incl\Controller\AppController.php, line 38]
Trace:
AppController::beforeFilter() - APP\Controller\AppController.php, line 38
call_user_func - [internal], line ??
CakeEventManager::dispatch() - CORE\Cake\Event\CakeEventManager.php, line 242
Controller::startupProcess() - CORE\Cake\Controller\Controller.php, line 674
Dispatcher::_invoke() - CORE\Cake\Routing\Dispatcher.php, line 187
Dispatcher::dispatch() - CORE\Cake\Routing\Dispatcher.php, line 165
[main] - APP\webroot\index.php, line 99

2015-01-24 01:48:20 Debug: Notice (8): Indirect modification of overloaded property CakeErrorController::$User has no effect in [C:\phpdocs\cake\incl\Controller\AppController.php, line 38]
Trace:
AppController::beforeFilter() - APP\Controller\AppController.php, line 38
call_user_func - [internal], line ??
CakeEventManager::dispatch() - CORE\Cake\Event\CakeEventManager.php, line 242
Controller::startupProcess() - CORE\Cake\Controller\Controller.php, line 674
ExceptionRenderer::_getController() - CORE\Cake\Error\ExceptionRenderer.php, line 155
ExceptionRenderer::__construct() - CORE\Cake\Error\ExceptionRenderer.php, line 92
ErrorHandler::handleException() - CORE\Cake\Error\ErrorHandler.php, line 118
call_user_func - [internal], line ??
ErrorHandler::handleFatalError() - CORE\Cake\Error\ErrorHandler.php, line 254
ErrorHandler::handleError() - CORE\Cake\Error\ErrorHandler.php, line 203
call_user_func - [internal], line ??
App::_checkFatalError() - CORE\Cake\Core\App.php, line 931
App::shutdown() - CORE\Cake\Core\App.php, line 904
[main] - [internal], line ??

2015-01-24 01:53:58 Debug: Notice (8): Undefined variable: auth in [C:\phpdocs\cake\incl\View\Elements\header.ctp, line 2]
Trace:
include - APP\View\Elements\header.ctp, line 2
View::_evaluate() - CORE\Cake\View\View.php, line 948
View::_render() - CORE\Cake\View\View.php, line 910
View::_renderElement() - CORE\Cake\View\View.php, line 1213
View::element() - CORE\Cake\View\View.php, line 418
include - APP\View\Users\pass_reset.ctp, line 3
View::_evaluate() - CORE\Cake\View\View.php, line 948
View::_render() - CORE\Cake\View\View.php, line 910
View::render() - CORE\Cake\View\View.php, line 471
Controller::render() - CORE\Cake\Controller\Controller.php, line 954
Dispatcher::_invoke() - CORE\Cake\Routing\Dispatcher.php, line 198
Dispatcher::dispatch() - CORE\Cake\Routing\Dispatcher.php, line 165
[main] - APP\webroot\index.php, line 99

2015-01-25 18:18:15 Debug: Notice (8): Undefined variable: dir in [C:\phpdocs\cake\incl\View\Filetops\openfol.ctp, line 2]
Trace:
include - APP\View\Filetops\openfol.ctp, line 2
View::_evaluate() - CORE\Cake\View\View.php, line 948
View::_render() - CORE\Cake\View\View.php, line 910
View::render() - CORE\Cake\View\View.php, line 471
Controller::render() - CORE\Cake\Controller\Controller.php, line 954
Dispatcher::_invoke() - CORE\Cake\Routing\Dispatcher.php, line 198
Dispatcher::dispatch() - CORE\Cake\Routing\Dispatcher.php, line 165
[main] - APP\webroot\index.php, line 99

2015-01-25 18:19:43 Debug: Notice (8): Undefined variable: dir in [C:\phpdocs\cake\incl\View\Filetops\openfol.ctp, line 2]
Trace:
include - APP\View\Filetops\openfol.ctp, line 2
View::_evaluate() - CORE\Cake\View\View.php, line 948
View::_render() - CORE\Cake\View\View.php, line 910
View::render() - CORE\Cake\View\View.php, line 471
Controller::render() - CORE\Cake\Controller\Controller.php, line 954
Dispatcher::_invoke() - CORE\Cake\Routing\Dispatcher.php, line 198
Dispatcher::dispatch() - CORE\Cake\Routing\Dispatcher.php, line 165
[main] - APP\webroot\index.php, line 99

2015-01-26 13:39:20 Debug: Notice (8): Indirect modification of overloaded property CakeErrorController::$User has no effect in [C:\phpdocs\cake\incl\Controller\AppController.php, line 38]
Trace:
AppController::beforeFilter() - APP\Controller\AppController.php, line 38
call_user_func - [internal], line ??
CakeEventManager::dispatch() - CORE\Cake\Event\CakeEventManager.php, line 242
Controller::startupProcess() - CORE\Cake\Controller\Controller.php, line 674
ExceptionRenderer::_getController() - CORE\Cake\Error\ExceptionRenderer.php, line 155
ExceptionRenderer::__construct() - CORE\Cake\Error\ExceptionRenderer.php, line 92
ErrorHandler::handleException() - CORE\Cake\Error\ErrorHandler.php, line 118
call_user_func - [internal], line ??
ErrorHandler::handleFatalError() - CORE\Cake\Error\ErrorHandler.php, line 254
ErrorHandler::handleError() - CORE\Cake\Error\ErrorHandler.php, line 203
call_user_func - [internal], line ??
App::_checkFatalError() - CORE\Cake\Core\App.php, line 931
App::shutdown() - CORE\Cake\Core\App.php, line 904
[main] - [internal], line ??

2015-01-26 13:39:28 Debug: Notice (8): Indirect modification of overloaded property CakeErrorController::$User has no effect in [C:\phpdocs\cake\incl\Controller\AppController.php, line 38]
Trace:
AppController::beforeFilter() - APP\Controller\AppController.php, line 38
call_user_func - [internal], line ??
CakeEventManager::dispatch() - CORE\Cake\Event\CakeEventManager.php, line 242
Controller::startupProcess() - CORE\Cake\Controller\Controller.php, line 674
ExceptionRenderer::_getController() - CORE\Cake\Error\ExceptionRenderer.php, line 155
ExceptionRenderer::__construct() - CORE\Cake\Error\ExceptionRenderer.php, line 92
ErrorHandler::handleException() - CORE\Cake\Error\ErrorHandler.php, line 118
call_user_func - [internal], line ??
ErrorHandler::handleFatalError() - CORE\Cake\Error\ErrorHandler.php, line 254
ErrorHandler::handleError() - CORE\Cake\Error\ErrorHandler.php, line 203
call_user_func - [internal], line ??
App::_checkFatalError() - CORE\Cake\Core\App.php, line 931
App::shutdown() - CORE\Cake\Core\App.php, line 904
[main] - [internal], line ??

2015-01-26 13:39:32 Debug: Notice (8): Indirect modification of overloaded property TopsController::$User has no effect in [C:\phpdocs\cake\incl\Controller\AppController.php, line 38]
Trace:
AppController::beforeFilter() - APP\Controller\AppController.php, line 38
call_user_func - [internal], line ??
CakeEventManager::dispatch() - CORE\Cake\Event\CakeEventManager.php, line 242
Controller::startupProcess() - CORE\Cake\Controller\Controller.php, line 674
Dispatcher::_invoke() - CORE\Cake\Routing\Dispatcher.php, line 187
Dispatcher::dispatch() - CORE\Cake\Routing\Dispatcher.php, line 165
[main] - APP\webroot\index.php, line 99

2015-01-26 13:39:33 Debug: Notice (8): Indirect modification of overloaded property CakeErrorController::$User has no effect in [C:\phpdocs\cake\incl\Controller\AppController.php, line 38]
Trace:
AppController::beforeFilter() - APP\Controller\AppController.php, line 38
call_user_func - [internal], line ??
CakeEventManager::dispatch() - CORE\Cake\Event\CakeEventManager.php, line 242
Controller::startupProcess() - CORE\Cake\Controller\Controller.php, line 674
ExceptionRenderer::_getController() - CORE\Cake\Error\ExceptionRenderer.php, line 155
ExceptionRenderer::__construct() - CORE\Cake\Error\ExceptionRenderer.php, line 92
ErrorHandler::handleException() - CORE\Cake\Error\ErrorHandler.php, line 118
call_user_func - [internal], line ??
ErrorHandler::handleFatalError() - CORE\Cake\Error\ErrorHandler.php, line 254
ErrorHandler::handleError() - CORE\Cake\Error\ErrorHandler.php, line 203
call_user_func - [internal], line ??
App::_checkFatalError() - CORE\Cake\Core\App.php, line 931
App::shutdown() - CORE\Cake\Core\App.php, line 904
[main] - [internal], line ??

2015-01-26 13:39:42 Debug: Notice (8): Indirect modification of overloaded property TopsController::$User has no effect in [C:\phpdocs\cake\incl\Controller\AppController.php, line 38]
Trace:
AppController::beforeFilter() - APP\Controller\AppController.php, line 38
call_user_func - [internal], line ??
CakeEventManager::dispatch() - CORE\Cake\Event\CakeEventManager.php, line 242
Controller::startupProcess() - CORE\Cake\Controller\Controller.php, line 674
Dispatcher::_invoke() - CORE\Cake\Routing\Dispatcher.php, line 187
Dispatcher::dispatch() - CORE\Cake\Routing\Dispatcher.php, line 165
[main] - APP\webroot\index.php, line 99

2015-01-26 13:39:43 Debug: Notice (8): Indirect modification of overloaded property CakeErrorController::$User has no effect in [C:\phpdocs\cake\incl\Controller\AppController.php, line 38]
Trace:
AppController::beforeFilter() - APP\Controller\AppController.php, line 38
call_user_func - [internal], line ??
CakeEventManager::dispatch() - CORE\Cake\Event\CakeEventManager.php, line 242
Controller::startupProcess() - CORE\Cake\Controller\Controller.php, line 674
ExceptionRenderer::_getController() - CORE\Cake\Error\ExceptionRenderer.php, line 155
ExceptionRenderer::__construct() - CORE\Cake\Error\ExceptionRenderer.php, line 92
ErrorHandler::handleException() - CORE\Cake\Error\ErrorHandler.php, line 118
call_user_func - [internal], line ??
ErrorHandler::handleFatalError() - CORE\Cake\Error\ErrorHandler.php, line 254
ErrorHandler::handleError() - CORE\Cake\Error\ErrorHandler.php, line 203
call_user_func - [internal], line ??
App::_checkFatalError() - CORE\Cake\Core\App.php, line 931
App::shutdown() - CORE\Cake\Core\App.php, line 904
[main] - [internal], line ??

2015-01-26 13:39:51 Debug: Notice (8): Indirect modification of overloaded property TopsController::$User has no effect in [C:\phpdocs\cake\incl\Controller\AppController.php, line 38]
Trace:
AppController::beforeFilter() - APP\Controller\AppController.php, line 38
call_user_func - [internal], line ??
CakeEventManager::dispatch() - CORE\Cake\Event\CakeEventManager.php, line 242
Controller::startupProcess() - CORE\Cake\Controller\Controller.php, line 674
Dispatcher::_invoke() - CORE\Cake\Routing\Dispatcher.php, line 187
Dispatcher::dispatch() - CORE\Cake\Routing\Dispatcher.php, line 165
[main] - APP\webroot\index.php, line 99

2015-01-26 13:39:52 Debug: Notice (8): Indirect modification of overloaded property CakeErrorController::$User has no effect in [C:\phpdocs\cake\incl\Controller\AppController.php, line 38]
Trace:
AppController::beforeFilter() - APP\Controller\AppController.php, line 38
call_user_func - [internal], line ??
CakeEventManager::dispatch() - CORE\Cake\Event\CakeEventManager.php, line 242
Controller::startupProcess() - CORE\Cake\Controller\Controller.php, line 674
ExceptionRenderer::_getController() - CORE\Cake\Error\ExceptionRenderer.php, line 155
ExceptionRenderer::__construct() - CORE\Cake\Error\ExceptionRenderer.php, line 92
ErrorHandler::handleException() - CORE\Cake\Error\ErrorHandler.php, line 118
call_user_func - [internal], line ??
ErrorHandler::handleFatalError() - CORE\Cake\Error\ErrorHandler.php, line 254
ErrorHandler::handleError() - CORE\Cake\Error\ErrorHandler.php, line 203
call_user_func - [internal], line ??
App::_checkFatalError() - CORE\Cake\Core\App.php, line 931
App::shutdown() - CORE\Cake\Core\App.php, line 904
[main] - [internal], line ??

2015-01-26 13:39:54 Debug: Notice (8): Indirect modification of overloaded property TopsController::$User has no effect in [C:\phpdocs\cake\incl\Controller\AppController.php, line 38]
Trace:
AppController::beforeFilter() - APP\Controller\AppController.php, line 38
call_user_func - [internal], line ??
CakeEventManager::dispatch() - CORE\Cake\Event\CakeEventManager.php, line 242
Controller::startupProcess() - CORE\Cake\Controller\Controller.php, line 674
Dispatcher::_invoke() - CORE\Cake\Routing\Dispatcher.php, line 187
Dispatcher::dispatch() - CORE\Cake\Routing\Dispatcher.php, line 165
[main] - APP\webroot\index.php, line 99

2015-01-26 13:39:54 Debug: Notice (8): Indirect modification of overloaded property CakeErrorController::$User has no effect in [C:\phpdocs\cake\incl\Controller\AppController.php, line 38]
Trace:
AppController::beforeFilter() - APP\Controller\AppController.php, line 38
call_user_func - [internal], line ??
CakeEventManager::dispatch() - CORE\Cake\Event\CakeEventManager.php, line 242
Controller::startupProcess() - CORE\Cake\Controller\Controller.php, line 674
ExceptionRenderer::_getController() - CORE\Cake\Error\ExceptionRenderer.php, line 155
ExceptionRenderer::__construct() - CORE\Cake\Error\ExceptionRenderer.php, line 92
ErrorHandler::handleException() - CORE\Cake\Error\ErrorHandler.php, line 118
call_user_func - [internal], line ??
ErrorHandler::handleFatalError() - CORE\Cake\Error\ErrorHandler.php, line 254
ErrorHandler::handleError() - CORE\Cake\Error\ErrorHandler.php, line 203
call_user_func - [internal], line ??
App::_checkFatalError() - CORE\Cake\Core\App.php, line 931
App::shutdown() - CORE\Cake\Core\App.php, line 904
[main] - [internal], line ??

2015-01-26 13:40:01 Debug: Notice (8): Indirect modification of overloaded property TopsController::$User has no effect in [C:\phpdocs\cake\incl\Controller\AppController.php, line 38]
Trace:
AppController::beforeFilter() - APP\Controller\AppController.php, line 38
call_user_func - [internal], line ??
CakeEventManager::dispatch() - CORE\Cake\Event\CakeEventManager.php, line 242
Controller::startupProcess() - CORE\Cake\Controller\Controller.php, line 674
Dispatcher::_invoke() - CORE\Cake\Routing\Dispatcher.php, line 187
Dispatcher::dispatch() - CORE\Cake\Routing\Dispatcher.php, line 165
[main] - APP\webroot\index.php, line 99

2015-01-26 13:40:01 Debug: Notice (8): Indirect modification of overloaded property CakeErrorController::$User has no effect in [C:\phpdocs\cake\incl\Controller\AppController.php, line 38]
Trace:
AppController::beforeFilter() - APP\Controller\AppController.php, line 38
call_user_func - [internal], line ??
CakeEventManager::dispatch() - CORE\Cake\Event\CakeEventManager.php, line 242
Controller::startupProcess() - CORE\Cake\Controller\Controller.php, line 674
ExceptionRenderer::_getController() - CORE\Cake\Error\ExceptionRenderer.php, line 155
ExceptionRenderer::__construct() - CORE\Cake\Error\ExceptionRenderer.php, line 92
ErrorHandler::handleException() - CORE\Cake\Error\ErrorHandler.php, line 118
call_user_func - [internal], line ??
ErrorHandler::handleFatalError() - CORE\Cake\Error\ErrorHandler.php, line 254
ErrorHandler::handleError() - CORE\Cake\Error\ErrorHandler.php, line 203
call_user_func - [internal], line ??
App::_checkFatalError() - CORE\Cake\Core\App.php, line 931
App::shutdown() - CORE\Cake\Core\App.php, line 904
[main] - [internal], line ??

2015-01-26 13:40:01 Debug: Notice (8): Indirect modification of overloaded property TopsController::$User has no effect in [C:\phpdocs\cake\incl\Controller\AppController.php, line 38]
Trace:
AppController::beforeFilter() - APP\Controller\AppController.php, line 38
call_user_func - [internal], line ??
CakeEventManager::dispatch() - CORE\Cake\Event\CakeEventManager.php, line 242
Controller::startupProcess() - CORE\Cake\Controller\Controller.php, line 674
Dispatcher::_invoke() - CORE\Cake\Routing\Dispatcher.php, line 187
Dispatcher::dispatch() - CORE\Cake\Routing\Dispatcher.php, line 165
[main] - APP\webroot\index.php, line 99

2015-01-26 13:40:01 Debug: Notice (8): Indirect modification of overloaded property CakeErrorController::$User has no effect in [C:\phpdocs\cake\incl\Controller\AppController.php, line 38]
Trace:
AppController::beforeFilter() - APP\Controller\AppController.php, line 38
call_user_func - [internal], line ??
CakeEventManager::dispatch() - CORE\Cake\Event\CakeEventManager.php, line 242
Controller::startupProcess() - CORE\Cake\Controller\Controller.php, line 674
ExceptionRenderer::_getController() - CORE\Cake\Error\ExceptionRenderer.php, line 155
ExceptionRenderer::__construct() - CORE\Cake\Error\ExceptionRenderer.php, line 92
ErrorHandler::handleException() - CORE\Cake\Error\ErrorHandler.php, line 118
call_user_func - [internal], line ??
ErrorHandler::handleFatalError() - CORE\Cake\Error\ErrorHandler.php, line 254
ErrorHandler::handleError() - CORE\Cake\Error\ErrorHandler.php, line 203
call_user_func - [internal], line ??
App::_checkFatalError() - CORE\Cake\Core\App.php, line 931
App::shutdown() - CORE\Cake\Core\App.php, line 904
[main] - [internal], line ??

2015-01-26 13:40:30 Debug: Notice (8): Indirect modification of overloaded property TopsController::$User has no effect in [C:\phpdocs\cake\incl\Controller\AppController.php, line 38]
Trace:
AppController::beforeFilter() - APP\Controller\AppController.php, line 38
call_user_func - [internal], line ??
CakeEventManager::dispatch() - CORE\Cake\Event\CakeEventManager.php, line 242
Controller::startupProcess() - CORE\Cake\Controller\Controller.php, line 674
Dispatcher::_invoke() - CORE\Cake\Routing\Dispatcher.php, line 187
Dispatcher::dispatch() - CORE\Cake\Routing\Dispatcher.php, line 165
[main] - APP\webroot\index.php, line 99

2015-01-26 13:40:30 Debug: Notice (8): Indirect modification of overloaded property CakeErrorController::$User has no effect in [C:\phpdocs\cake\incl\Controller\AppController.php, line 38]
Trace:
AppController::beforeFilter() - APP\Controller\AppController.php, line 38
call_user_func - [internal], line ??
CakeEventManager::dispatch() - CORE\Cake\Event\CakeEventManager.php, line 242
Controller::startupProcess() - CORE\Cake\Controller\Controller.php, line 674
ExceptionRenderer::_getController() - CORE\Cake\Error\ExceptionRenderer.php, line 155
ExceptionRenderer::__construct() - CORE\Cake\Error\ExceptionRenderer.php, line 92
ErrorHandler::handleException() - CORE\Cake\Error\ErrorHandler.php, line 118
call_user_func - [internal], line ??
ErrorHandler::handleFatalError() - CORE\Cake\Error\ErrorHandler.php, line 254
ErrorHandler::handleError() - CORE\Cake\Error\ErrorHandler.php, line 203
call_user_func - [internal], line ??
App::_checkFatalError() - CORE\Cake\Core\App.php, line 931
App::shutdown() - CORE\Cake\Core\App.php, line 904
[main] - [internal], line ??

2015-01-26 13:41:31 Debug: Notice (8): Indirect modification of overloaded property TopsController::$User has no effect in [C:\phpdocs\cake\incl\Controller\AppController.php, line 38]
Trace:
AppController::beforeFilter() - APP\Controller\AppController.php, line 38
call_user_func - [internal], line ??
CakeEventManager::dispatch() - CORE\Cake\Event\CakeEventManager.php, line 242
Controller::startupProcess() - CORE\Cake\Controller\Controller.php, line 674
Dispatcher::_invoke() - CORE\Cake\Routing\Dispatcher.php, line 187
Dispatcher::dispatch() - CORE\Cake\Routing\Dispatcher.php, line 165
[main] - APP\webroot\index.php, line 99

2015-01-26 13:41:31 Debug: Notice (8): Indirect modification of overloaded property CakeErrorController::$User has no effect in [C:\phpdocs\cake\incl\Controller\AppController.php, line 38]
Trace:
AppController::beforeFilter() - APP\Controller\AppController.php, line 38
call_user_func - [internal], line ??
CakeEventManager::dispatch() - CORE\Cake\Event\CakeEventManager.php, line 242
Controller::startupProcess() - CORE\Cake\Controller\Controller.php, line 674
ExceptionRenderer::_getController() - CORE\Cake\Error\ExceptionRenderer.php, line 155
ExceptionRenderer::__construct() - CORE\Cake\Error\ExceptionRenderer.php, line 92
ErrorHandler::handleException() - CORE\Cake\Error\ErrorHandler.php, line 118
call_user_func - [internal], line ??
ErrorHandler::handleFatalError() - CORE\Cake\Error\ErrorHandler.php, line 254
ErrorHandler::handleError() - CORE\Cake\Error\ErrorHandler.php, line 203
call_user_func - [internal], line ??
App::_checkFatalError() - CORE\Cake\Core\App.php, line 931
App::shutdown() - CORE\Cake\Core\App.php, line 904
[main] - [internal], line ??

2015-01-26 13:41:33 Debug: Notice (8): Indirect modification of overloaded property TopsController::$User has no effect in [C:\phpdocs\cake\incl\Controller\AppController.php, line 38]
Trace:
AppController::beforeFilter() - APP\Controller\AppController.php, line 38
call_user_func - [internal], line ??
CakeEventManager::dispatch() - CORE\Cake\Event\CakeEventManager.php, line 242
Controller::startupProcess() - CORE\Cake\Controller\Controller.php, line 674
Dispatcher::_invoke() - CORE\Cake\Routing\Dispatcher.php, line 187
Dispatcher::dispatch() - CORE\Cake\Routing\Dispatcher.php, line 165
[main] - APP\webroot\index.php, line 99

2015-01-26 13:41:33 Debug: Notice (8): Indirect modification of overloaded property CakeErrorController::$User has no effect in [C:\phpdocs\cake\incl\Controller\AppController.php, line 38]
Trace:
AppController::beforeFilter() - APP\Controller\AppController.php, line 38
call_user_func - [internal], line ??
CakeEventManager::dispatch() - CORE\Cake\Event\CakeEventManager.php, line 242
Controller::startupProcess() - CORE\Cake\Controller\Controller.php, line 674
ExceptionRenderer::_getController() - CORE\Cake\Error\ExceptionRenderer.php, line 155
ExceptionRenderer::__construct() - CORE\Cake\Error\ExceptionRenderer.php, line 92
ErrorHandler::handleException() - CORE\Cake\Error\ErrorHandler.php, line 118
call_user_func - [internal], line ??
ErrorHandler::handleFatalError() - CORE\Cake\Error\ErrorHandler.php, line 254
ErrorHandler::handleError() - CORE\Cake\Error\ErrorHandler.php, line 203
call_user_func - [internal], line ??
App::_checkFatalError() - CORE\Cake\Core\App.php, line 931
App::shutdown() - CORE\Cake\Core\App.php, line 904
[main] - [internal], line ??

2015-01-26 13:41:33 Debug: Notice (8): Indirect modification of overloaded property TopsController::$User has no effect in [C:\phpdocs\cake\incl\Controller\AppController.php, line 38]
Trace:
AppController::beforeFilter() - APP\Controller\AppController.php, line 38
call_user_func - [internal], line ??
CakeEventManager::dispatch() - CORE\Cake\Event\CakeEventManager.php, line 242
Controller::startupProcess() - CORE\Cake\Controller\Controller.php, line 674
Dispatcher::_invoke() - CORE\Cake\Routing\Dispatcher.php, line 187
Dispatcher::dispatch() - CORE\Cake\Routing\Dispatcher.php, line 165
[main] - APP\webroot\index.php, line 99

2015-01-26 13:41:33 Debug: Notice (8): Indirect modification of overloaded property CakeErrorController::$User has no effect in [C:\phpdocs\cake\incl\Controller\AppController.php, line 38]
Trace:
AppController::beforeFilter() - APP\Controller\AppController.php, line 38
call_user_func - [internal], line ??
CakeEventManager::dispatch() - CORE\Cake\Event\CakeEventManager.php, line 242
Controller::startupProcess() - CORE\Cake\Controller\Controller.php, line 674
ExceptionRenderer::_getController() - CORE\Cake\Error\ExceptionRenderer.php, line 155
ExceptionRenderer::__construct() - CORE\Cake\Error\ExceptionRenderer.php, line 92
ErrorHandler::handleException() - CORE\Cake\Error\ErrorHandler.php, line 118
call_user_func - [internal], line ??
ErrorHandler::handleFatalError() - CORE\Cake\Error\ErrorHandler.php, line 254
ErrorHandler::handleError() - CORE\Cake\Error\ErrorHandler.php, line 203
call_user_func - [internal], line ??
App::_checkFatalError() - CORE\Cake\Core\App.php, line 931
App::shutdown() - CORE\Cake\Core\App.php, line 904
[main] - [internal], line ??

2015-01-26 13:41:34 Debug: Notice (8): Indirect modification of overloaded property TopsController::$User has no effect in [C:\phpdocs\cake\incl\Controller\AppController.php, line 38]
Trace:
AppController::beforeFilter() - APP\Controller\AppController.php, line 38
call_user_func - [internal], line ??
CakeEventManager::dispatch() - CORE\Cake\Event\CakeEventManager.php, line 242
Controller::startupProcess() - CORE\Cake\Controller\Controller.php, line 674
Dispatcher::_invoke() - CORE\Cake\Routing\Dispatcher.php, line 187
Dispatcher::dispatch() - CORE\Cake\Routing\Dispatcher.php, line 165
[main] - APP\webroot\index.php, line 99

2015-01-26 13:41:34 Debug: Notice (8): Indirect modification of overloaded property CakeErrorController::$User has no effect in [C:\phpdocs\cake\incl\Controller\AppController.php, line 38]
Trace:
AppController::beforeFilter() - APP\Controller\AppController.php, line 38
call_user_func - [internal], line ??
CakeEventManager::dispatch() - CORE\Cake\Event\CakeEventManager.php, line 242
Controller::startupProcess() - CORE\Cake\Controller\Controller.php, line 674
ExceptionRenderer::_getController() - CORE\Cake\Error\ExceptionRenderer.php, line 155
ExceptionRenderer::__construct() - CORE\Cake\Error\ExceptionRenderer.php, line 92
ErrorHandler::handleException() - CORE\Cake\Error\ErrorHandler.php, line 118
call_user_func - [internal], line ??
ErrorHandler::handleFatalError() - CORE\Cake\Error\ErrorHandler.php, line 254
ErrorHandler::handleError() - CORE\Cake\Error\ErrorHandler.php, line 203
call_user_func - [internal], line ??
App::_checkFatalError() - CORE\Cake\Core\App.php, line 931
App::shutdown() - CORE\Cake\Core\App.php, line 904
[main] - [internal], line ??

2015-01-26 13:41:36 Debug: Notice (8): Indirect modification of overloaded property TopsController::$User has no effect in [C:\phpdocs\cake\incl\Controller\AppController.php, line 38]
Trace:
AppController::beforeFilter() - APP\Controller\AppController.php, line 38
call_user_func - [internal], line ??
CakeEventManager::dispatch() - CORE\Cake\Event\CakeEventManager.php, line 242
Controller::startupProcess() - CORE\Cake\Controller\Controller.php, line 674
Dispatcher::_invoke() - CORE\Cake\Routing\Dispatcher.php, line 187
Dispatcher::dispatch() - CORE\Cake\Routing\Dispatcher.php, line 165
[main] - APP\webroot\index.php, line 99

2015-01-26 13:41:36 Debug: Notice (8): Indirect modification of overloaded property CakeErrorController::$User has no effect in [C:\phpdocs\cake\incl\Controller\AppController.php, line 38]
Trace:
AppController::beforeFilter() - APP\Controller\AppController.php, line 38
call_user_func - [internal], line ??
CakeEventManager::dispatch() - CORE\Cake\Event\CakeEventManager.php, line 242
Controller::startupProcess() - CORE\Cake\Controller\Controller.php, line 674
ExceptionRenderer::_getController() - CORE\Cake\Error\ExceptionRenderer.php, line 155
ExceptionRenderer::__construct() - CORE\Cake\Error\ExceptionRenderer.php, line 92
ErrorHandler::handleException() - CORE\Cake\Error\ErrorHandler.php, line 118
call_user_func - [internal], line ??
ErrorHandler::handleFatalError() - CORE\Cake\Error\ErrorHandler.php, line 254
ErrorHandler::handleError() - CORE\Cake\Error\ErrorHandler.php, line 203
call_user_func - [internal], line ??
App::_checkFatalError() - CORE\Cake\Core\App.php, line 931
App::shutdown() - CORE\Cake\Core\App.php, line 904
[main] - [internal], line ??

2015-01-26 13:42:10 Debug: Notice (8): Indirect modification of overloaded property TopsController::$User has no effect in [C:\phpdocs\cake\incl\Controller\AppController.php, line 38]
Trace:
AppController::beforeFilter() - APP\Controller\AppController.php, line 38
call_user_func - [internal], line ??
CakeEventManager::dispatch() - CORE\Cake\Event\CakeEventManager.php, line 242
Controller::startupProcess() - CORE\Cake\Controller\Controller.php, line 674
Dispatcher::_invoke() - CORE\Cake\Routing\Dispatcher.php, line 187
Dispatcher::dispatch() - CORE\Cake\Routing\Dispatcher.php, line 165
[main] - APP\webroot\index.php, line 99

2015-01-26 13:42:10 Debug: Notice (8): Indirect modification of overloaded property CakeErrorController::$User has no effect in [C:\phpdocs\cake\incl\Controller\AppController.php, line 38]
Trace:
AppController::beforeFilter() - APP\Controller\AppController.php, line 38
call_user_func - [internal], line ??
CakeEventManager::dispatch() - CORE\Cake\Event\CakeEventManager.php, line 242
Controller::startupProcess() - CORE\Cake\Controller\Controller.php, line 674
ExceptionRenderer::_getController() - CORE\Cake\Error\ExceptionRenderer.php, line 155
ExceptionRenderer::__construct() - CORE\Cake\Error\ExceptionRenderer.php, line 92
ErrorHandler::handleException() - CORE\Cake\Error\ErrorHandler.php, line 118
call_user_func - [internal], line ??
ErrorHandler::handleFatalError() - CORE\Cake\Error\ErrorHandler.php, line 254
ErrorHandler::handleError() - CORE\Cake\Error\ErrorHandler.php, line 203
call_user_func - [internal], line ??
App::_checkFatalError() - CORE\Cake\Core\App.php, line 931
App::shutdown() - CORE\Cake\Core\App.php, line 904
[main] - [internal], line ??

2015-01-26 13:42:19 Debug: Notice (8): Indirect modification of overloaded property TopsController::$User has no effect in [C:\phpdocs\cake\incl\Controller\AppController.php, line 38]
Trace:
AppController::beforeFilter() - APP\Controller\AppController.php, line 38
call_user_func - [internal], line ??
CakeEventManager::dispatch() - CORE\Cake\Event\CakeEventManager.php, line 242
Controller::startupProcess() - CORE\Cake\Controller\Controller.php, line 674
Dispatcher::_invoke() - CORE\Cake\Routing\Dispatcher.php, line 187
Dispatcher::dispatch() - CORE\Cake\Routing\Dispatcher.php, line 165
[main] - APP\webroot\index.php, line 99

2015-01-26 13:42:19 Debug: Notice (8): Indirect modification of overloaded property CakeErrorController::$User has no effect in [C:\phpdocs\cake\incl\Controller\AppController.php, line 38]
Trace:
AppController::beforeFilter() - APP\Controller\AppController.php, line 38
call_user_func - [internal], line ??
CakeEventManager::dispatch() - CORE\Cake\Event\CakeEventManager.php, line 242
Controller::startupProcess() - CORE\Cake\Controller\Controller.php, line 674
ExceptionRenderer::_getController() - CORE\Cake\Error\ExceptionRenderer.php, line 155
ExceptionRenderer::__construct() - CORE\Cake\Error\ExceptionRenderer.php, line 92
ErrorHandler::handleException() - CORE\Cake\Error\ErrorHandler.php, line 118
call_user_func - [internal], line ??
ErrorHandler::handleFatalError() - CORE\Cake\Error\ErrorHandler.php, line 254
ErrorHandler::handleError() - CORE\Cake\Error\ErrorHandler.php, line 203
call_user_func - [internal], line ??
App::_checkFatalError() - CORE\Cake\Core\App.php, line 931
App::shutdown() - CORE\Cake\Core\App.php, line 904
[main] - [internal], line ??

2015-01-26 13:42:23 Debug: Notice (8): Indirect modification of overloaded property TopsController::$User has no effect in [C:\phpdocs\cake\incl\Controller\AppController.php, line 38]
Trace:
AppController::beforeFilter() - APP\Controller\AppController.php, line 38
call_user_func - [internal], line ??
CakeEventManager::dispatch() - CORE\Cake\Event\CakeEventManager.php, line 242
Controller::startupProcess() - CORE\Cake\Controller\Controller.php, line 674
Dispatcher::_invoke() - CORE\Cake\Routing\Dispatcher.php, line 187
Dispatcher::dispatch() - CORE\Cake\Routing\Dispatcher.php, line 165
[main] - APP\webroot\index.php, line 99

2015-01-26 13:42:23 Debug: Notice (8): Indirect modification of overloaded property CakeErrorController::$User has no effect in [C:\phpdocs\cake\incl\Controller\AppController.php, line 38]
Trace:
AppController::beforeFilter() - APP\Controller\AppController.php, line 38
call_user_func - [internal], line ??
CakeEventManager::dispatch() - CORE\Cake\Event\CakeEventManager.php, line 242
Controller::startupProcess() - CORE\Cake\Controller\Controller.php, line 674
ExceptionRenderer::_getController() - CORE\Cake\Error\ExceptionRenderer.php, line 155
ExceptionRenderer::__construct() - CORE\Cake\Error\ExceptionRenderer.php, line 92
ErrorHandler::handleException() - CORE\Cake\Error\ErrorHandler.php, line 118
call_user_func - [internal], line ??
ErrorHandler::handleFatalError() - CORE\Cake\Error\ErrorHandler.php, line 254
ErrorHandler::handleError() - CORE\Cake\Error\ErrorHandler.php, line 203
call_user_func - [internal], line ??
App::_checkFatalError() - CORE\Cake\Core\App.php, line 931
App::shutdown() - CORE\Cake\Core\App.php, line 904
[main] - [internal], line ??

2015-01-26 13:42:24 Debug: Notice (8): Indirect modification of overloaded property TopsController::$User has no effect in [C:\phpdocs\cake\incl\Controller\AppController.php, line 38]
Trace:
AppController::beforeFilter() - APP\Controller\AppController.php, line 38
call_user_func - [internal], line ??
CakeEventManager::dispatch() - CORE\Cake\Event\CakeEventManager.php, line 242
Controller::startupProcess() - CORE\Cake\Controller\Controller.php, line 674
Dispatcher::_invoke() - CORE\Cake\Routing\Dispatcher.php, line 187
Dispatcher::dispatch() - CORE\Cake\Routing\Dispatcher.php, line 165
[main] - APP\webroot\index.php, line 99

2015-01-26 13:42:24 Debug: Notice (8): Indirect modification of overloaded property CakeErrorController::$User has no effect in [C:\phpdocs\cake\incl\Controller\AppController.php, line 38]
Trace:
AppController::beforeFilter() - APP\Controller\AppController.php, line 38
call_user_func - [internal], line ??
CakeEventManager::dispatch() - CORE\Cake\Event\CakeEventManager.php, line 242
Controller::startupProcess() - CORE\Cake\Controller\Controller.php, line 674
ExceptionRenderer::_getController() - CORE\Cake\Error\ExceptionRenderer.php, line 155
ExceptionRenderer::__construct() - CORE\Cake\Error\ExceptionRenderer.php, line 92
ErrorHandler::handleException() - CORE\Cake\Error\ErrorHandler.php, line 118
call_user_func - [internal], line ??
ErrorHandler::handleFatalError() - CORE\Cake\Error\ErrorHandler.php, line 254
ErrorHandler::handleError() - CORE\Cake\Error\ErrorHandler.php, line 203
call_user_func - [internal], line ??
App::_checkFatalError() - CORE\Cake\Core\App.php, line 931
App::shutdown() - CORE\Cake\Core\App.php, line 904
[main] - [internal], line ??

2015-01-26 13:42:28 Debug: Notice (8): Indirect modification of overloaded property PagesController::$User has no effect in [C:\phpdocs\cake\incl\Controller\AppController.php, line 38]
Trace:
AppController::beforeFilter() - APP\Controller\AppController.php, line 38
call_user_func - [internal], line ??
CakeEventManager::dispatch() - CORE\Cake\Event\CakeEventManager.php, line 242
Controller::startupProcess() - CORE\Cake\Controller\Controller.php, line 674
Dispatcher::_invoke() - CORE\Cake\Routing\Dispatcher.php, line 187
Dispatcher::dispatch() - CORE\Cake\Routing\Dispatcher.php, line 165
[main] - APP\webroot\index.php, line 99

2015-01-26 13:42:29 Debug: Notice (8): Indirect modification of overloaded property CakeErrorController::$User has no effect in [C:\phpdocs\cake\incl\Controller\AppController.php, line 38]
Trace:
AppController::beforeFilter() - APP\Controller\AppController.php, line 38
call_user_func - [internal], line ??
CakeEventManager::dispatch() - CORE\Cake\Event\CakeEventManager.php, line 242
Controller::startupProcess() - CORE\Cake\Controller\Controller.php, line 674
ExceptionRenderer::_getController() - CORE\Cake\Error\ExceptionRenderer.php, line 155
ExceptionRenderer::__construct() - CORE\Cake\Error\ExceptionRenderer.php, line 92
ErrorHandler::handleException() - CORE\Cake\Error\ErrorHandler.php, line 118
call_user_func - [internal], line ??
ErrorHandler::handleFatalError() - CORE\Cake\Error\ErrorHandler.php, line 254
ErrorHandler::handleError() - CORE\Cake\Error\ErrorHandler.php, line 203
call_user_func - [internal], line ??
App::_checkFatalError() - CORE\Cake\Core\App.php, line 931
App::shutdown() - CORE\Cake\Core\App.php, line 904
[main] - [internal], line ??

2015-01-26 13:42:45 Debug: Notice (8): Indirect modification of overloaded property PagesController::$User has no effect in [C:\phpdocs\cake\incl\Controller\AppController.php, line 38]
Trace:
AppController::beforeFilter() - APP\Controller\AppController.php, line 38
call_user_func - [internal], line ??
CakeEventManager::dispatch() - CORE\Cake\Event\CakeEventManager.php, line 242
Controller::startupProcess() - CORE\Cake\Controller\Controller.php, line 674
Dispatcher::_invoke() - CORE\Cake\Routing\Dispatcher.php, line 187
Dispatcher::dispatch() - CORE\Cake\Routing\Dispatcher.php, line 165
[main] - APP\webroot\index.php, line 99

2015-01-26 13:42:46 Debug: Notice (8): Indirect modification of overloaded property CakeErrorController::$User has no effect in [C:\phpdocs\cake\incl\Controller\AppController.php, line 38]
Trace:
AppController::beforeFilter() - APP\Controller\AppController.php, line 38
call_user_func - [internal], line ??
CakeEventManager::dispatch() - CORE\Cake\Event\CakeEventManager.php, line 242
Controller::startupProcess() - CORE\Cake\Controller\Controller.php, line 674
ExceptionRenderer::_getController() - CORE\Cake\Error\ExceptionRenderer.php, line 155
ExceptionRenderer::__construct() - CORE\Cake\Error\ExceptionRenderer.php, line 92
ErrorHandler::handleException() - CORE\Cake\Error\ErrorHandler.php, line 118
call_user_func - [internal], line ??
ErrorHandler::handleFatalError() - CORE\Cake\Error\ErrorHandler.php, line 254
ErrorHandler::handleError() - CORE\Cake\Error\ErrorHandler.php, line 203
call_user_func - [internal], line ??
App::_checkFatalError() - CORE\Cake\Core\App.php, line 931
App::shutdown() - CORE\Cake\Core\App.php, line 904
[main] - [internal], line ??

2015-01-26 13:42:46 Debug: Notice (8): Indirect modification of overloaded property PagesController::$User has no effect in [C:\phpdocs\cake\incl\Controller\AppController.php, line 38]
Trace:
AppController::beforeFilter() - APP\Controller\AppController.php, line 38
call_user_func - [internal], line ??
CakeEventManager::dispatch() - CORE\Cake\Event\CakeEventManager.php, line 242
Controller::startupProcess() - CORE\Cake\Controller\Controller.php, line 674
Dispatcher::_invoke() - CORE\Cake\Routing\Dispatcher.php, line 187
Dispatcher::dispatch() - CORE\Cake\Routing\Dispatcher.php, line 165
[main] - APP\webroot\index.php, line 99

2015-01-26 13:42:46 Debug: Notice (8): Indirect modification of overloaded property CakeErrorController::$User has no effect in [C:\phpdocs\cake\incl\Controller\AppController.php, line 38]
Trace:
AppController::beforeFilter() - APP\Controller\AppController.php, line 38
call_user_func - [internal], line ??
CakeEventManager::dispatch() - CORE\Cake\Event\CakeEventManager.php, line 242
Controller::startupProcess() - CORE\Cake\Controller\Controller.php, line 674
ExceptionRenderer::_getController() - CORE\Cake\Error\ExceptionRenderer.php, line 155
ExceptionRenderer::__construct() - CORE\Cake\Error\ExceptionRenderer.php, line 92
ErrorHandler::handleException() - CORE\Cake\Error\ErrorHandler.php, line 118
call_user_func - [internal], line ??
ErrorHandler::handleFatalError() - CORE\Cake\Error\ErrorHandler.php, line 254
ErrorHandler::handleError() - CORE\Cake\Error\ErrorHandler.php, line 203
call_user_func - [internal], line ??
App::_checkFatalError() - CORE\Cake\Core\App.php, line 931
App::shutdown() - CORE\Cake\Core\App.php, line 904
[main] - [internal], line ??

2015-01-26 13:46:53 Debug: Notice (8): Indirect modification of overloaded property CakeErrorController::$User has no effect in [C:\phpdocs\cake\incl\Controller\AppController.php, line 38]
Trace:
AppController::beforeFilter() - APP\Controller\AppController.php, line 38
call_user_func - [internal], line ??
CakeEventManager::dispatch() - CORE\Cake\Event\CakeEventManager.php, line 242
Controller::startupProcess() - CORE\Cake\Controller\Controller.php, line 674
ExceptionRenderer::_getController() - CORE\Cake\Error\ExceptionRenderer.php, line 155
ExceptionRenderer::__construct() - CORE\Cake\Error\ExceptionRenderer.php, line 92
ErrorHandler::handleException() - CORE\Cake\Error\ErrorHandler.php, line 118
[main] - [internal], line ??

2015-01-26 13:46:53 Debug: Notice (8): Indirect modification of overloaded property CakeErrorController::$User has no effect in [C:\phpdocs\cake\incl\Controller\AppController.php, line 38]
Trace:
AppController::beforeFilter() - APP\Controller\AppController.php, line 38
call_user_func - [internal], line ??
CakeEventManager::dispatch() - CORE\Cake\Event\CakeEventManager.php, line 242
Controller::startupProcess() - CORE\Cake\Controller\Controller.php, line 674
ExceptionRenderer::_getController() - CORE\Cake\Error\ExceptionRenderer.php, line 155
ExceptionRenderer::__construct() - CORE\Cake\Error\ExceptionRenderer.php, line 92
ErrorHandler::handleException() - CORE\Cake\Error\ErrorHandler.php, line 118
call_user_func - [internal], line ??
ErrorHandler::handleFatalError() - CORE\Cake\Error\ErrorHandler.php, line 254
ErrorHandler::handleError() - CORE\Cake\Error\ErrorHandler.php, line 203
call_user_func - [internal], line ??
App::_checkFatalError() - CORE\Cake\Core\App.php, line 931
App::shutdown() - CORE\Cake\Core\App.php, line 904
[main] - [internal], line ??

2015-01-26 13:58:10 Debug: Notice (8): Indirect modification of overloaded property CakeErrorController::$User has no effect in [C:\phpdocs\cake\incl\Controller\AppController.php, line 38]
Trace:
AppController::beforeFilter() - APP\Controller\AppController.php, line 38
call_user_func - [internal], line ??
CakeEventManager::dispatch() - CORE\Cake\Event\CakeEventManager.php, line 242
Controller::startupProcess() - CORE\Cake\Controller\Controller.php, line 674
ExceptionRenderer::_getController() - CORE\Cake\Error\ExceptionRenderer.php, line 155
ExceptionRenderer::__construct() - CORE\Cake\Error\ExceptionRenderer.php, line 92
ErrorHandler::handleException() - CORE\Cake\Error\ErrorHandler.php, line 118
call_user_func - [internal], line ??
ErrorHandler::handleFatalError() - CORE\Cake\Error\ErrorHandler.php, line 254
ErrorHandler::handleError() - CORE\Cake\Error\ErrorHandler.php, line 203
call_user_func - [internal], line ??
App::_checkFatalError() - CORE\Cake\Core\App.php, line 931
App::shutdown() - CORE\Cake\Core\App.php, line 904
[main] - [internal], line ??

2015-01-26 13:58:22 Debug: Notice (8): Indirect modification of overloaded property TopsController::$User has no effect in [C:\phpdocs\cake\incl\Controller\AppController.php, line 38]
Trace:
AppController::beforeFilter() - APP\Controller\AppController.php, line 38
call_user_func - [internal], line ??
CakeEventManager::dispatch() - CORE\Cake\Event\CakeEventManager.php, line 242
Controller::startupProcess() - CORE\Cake\Controller\Controller.php, line 674
Dispatcher::_invoke() - CORE\Cake\Routing\Dispatcher.php, line 187
Dispatcher::dispatch() - CORE\Cake\Routing\Dispatcher.php, line 165
[main] - APP\webroot\index.php, line 99

2015-01-26 13:58:22 Debug: Notice (8): Indirect modification of overloaded property CakeErrorController::$User has no effect in [C:\phpdocs\cake\incl\Controller\AppController.php, line 38]
Trace:
AppController::beforeFilter() - APP\Controller\AppController.php, line 38
call_user_func - [internal], line ??
CakeEventManager::dispatch() - CORE\Cake\Event\CakeEventManager.php, line 242
Controller::startupProcess() - CORE\Cake\Controller\Controller.php, line 674
ExceptionRenderer::_getController() - CORE\Cake\Error\ExceptionRenderer.php, line 155
ExceptionRenderer::__construct() - CORE\Cake\Error\ExceptionRenderer.php, line 92
ErrorHandler::handleException() - CORE\Cake\Error\ErrorHandler.php, line 118
call_user_func - [internal], line ??
ErrorHandler::handleFatalError() - CORE\Cake\Error\ErrorHandler.php, line 254
ErrorHandler::handleError() - CORE\Cake\Error\ErrorHandler.php, line 203
call_user_func - [internal], line ??
App::_checkFatalError() - CORE\Cake\Core\App.php, line 931
App::shutdown() - CORE\Cake\Core\App.php, line 904
[main] - [internal], line ??

2015-01-26 13:58:25 Debug: Notice (8): Indirect modification of overloaded property TopsController::$User has no effect in [C:\phpdocs\cake\incl\Controller\AppController.php, line 38]
Trace:
AppController::beforeFilter() - APP\Controller\AppController.php, line 38
call_user_func - [internal], line ??
CakeEventManager::dispatch() - CORE\Cake\Event\CakeEventManager.php, line 242
Controller::startupProcess() - CORE\Cake\Controller\Controller.php, line 674
Dispatcher::_invoke() - CORE\Cake\Routing\Dispatcher.php, line 187
Dispatcher::dispatch() - CORE\Cake\Routing\Dispatcher.php, line 165
[main] - APP\webroot\index.php, line 99

2015-01-26 13:58:25 Debug: Notice (8): Indirect modification of overloaded property CakeErrorController::$User has no effect in [C:\phpdocs\cake\incl\Controller\AppController.php, line 38]
Trace:
AppController::beforeFilter() - APP\Controller\AppController.php, line 38
call_user_func - [internal], line ??
CakeEventManager::dispatch() - CORE\Cake\Event\CakeEventManager.php, line 242
Controller::startupProcess() - CORE\Cake\Controller\Controller.php, line 674
ExceptionRenderer::_getController() - CORE\Cake\Error\ExceptionRenderer.php, line 155
ExceptionRenderer::__construct() - CORE\Cake\Error\ExceptionRenderer.php, line 92
ErrorHandler::handleException() - CORE\Cake\Error\ErrorHandler.php, line 118
call_user_func - [internal], line ??
ErrorHandler::handleFatalError() - CORE\Cake\Error\ErrorHandler.php, line 254
ErrorHandler::handleError() - CORE\Cake\Error\ErrorHandler.php, line 203
call_user_func - [internal], line ??
App::_checkFatalError() - CORE\Cake\Core\App.php, line 931
App::shutdown() - CORE\Cake\Core\App.php, line 904
[main] - [internal], line ??

2015-01-26 14:01:17 Debug: Notice (8): Indirect modification of overloaded property PagesController::$User has no effect in [C:\phpdocs\cake\incl\Controller\AppController.php, line 38]
Trace:
AppController::beforeFilter() - APP\Controller\AppController.php, line 38
call_user_func - [internal], line ??
CakeEventManager::dispatch() - CORE\Cake\Event\CakeEventManager.php, line 242
Controller::startupProcess() - CORE\Cake\Controller\Controller.php, line 674
Dispatcher::_invoke() - CORE\Cake\Routing\Dispatcher.php, line 187
Dispatcher::dispatch() - CORE\Cake\Routing\Dispatcher.php, line 165
[main] - APP\webroot\index.php, line 99

2015-01-26 14:01:17 Debug: Notice (8): Indirect modification of overloaded property CakeErrorController::$User has no effect in [C:\phpdocs\cake\incl\Controller\AppController.php, line 38]
Trace:
AppController::beforeFilter() - APP\Controller\AppController.php, line 38
call_user_func - [internal], line ??
CakeEventManager::dispatch() - CORE\Cake\Event\CakeEventManager.php, line 242
Controller::startupProcess() - CORE\Cake\Controller\Controller.php, line 674
ExceptionRenderer::_getController() - CORE\Cake\Error\ExceptionRenderer.php, line 155
ExceptionRenderer::__construct() - CORE\Cake\Error\ExceptionRenderer.php, line 92
ErrorHandler::handleException() - CORE\Cake\Error\ErrorHandler.php, line 118
call_user_func - [internal], line ??
ErrorHandler::handleFatalError() - CORE\Cake\Error\ErrorHandler.php, line 254
ErrorHandler::handleError() - CORE\Cake\Error\ErrorHandler.php, line 203
call_user_func - [internal], line ??
App::_checkFatalError() - CORE\Cake\Core\App.php, line 931
App::shutdown() - CORE\Cake\Core\App.php, line 904
[main] - [internal], line ??

2015-01-26 14:38:02 Debug: Notice (8): Indirect modification of overloaded property TopsController::$User has no effect in [C:\phpdocs\cake\incl\Controller\AppController.php, line 38]
Trace:
AppController::beforeFilter() - APP\Controller\AppController.php, line 38
call_user_func - [internal], line ??
CakeEventManager::dispatch() - CORE\Cake\Event\CakeEventManager.php, line 242
Controller::startupProcess() - CORE\Cake\Controller\Controller.php, line 674
Dispatcher::_invoke() - CORE\Cake\Routing\Dispatcher.php, line 187
Dispatcher::dispatch() - CORE\Cake\Routing\Dispatcher.php, line 165
[main] - APP\webroot\index.php, line 99

2015-01-26 14:38:02 Debug: Notice (8): Indirect modification of overloaded property CakeErrorController::$User has no effect in [C:\phpdocs\cake\incl\Controller\AppController.php, line 38]
Trace:
AppController::beforeFilter() - APP\Controller\AppController.php, line 38
call_user_func - [internal], line ??
CakeEventManager::dispatch() - CORE\Cake\Event\CakeEventManager.php, line 242
Controller::startupProcess() - CORE\Cake\Controller\Controller.php, line 674
ExceptionRenderer::_getController() - CORE\Cake\Error\ExceptionRenderer.php, line 155
ExceptionRenderer::__construct() - CORE\Cake\Error\ExceptionRenderer.php, line 92
ErrorHandler::handleException() - CORE\Cake\Error\ErrorHandler.php, line 118
call_user_func - [internal], line ??
ErrorHandler::handleFatalError() - CORE\Cake\Error\ErrorHandler.php, line 254
ErrorHandler::handleError() - CORE\Cake\Error\ErrorHandler.php, line 203
call_user_func - [internal], line ??
App::_checkFatalError() - CORE\Cake\Core\App.php, line 931
App::shutdown() - CORE\Cake\Core\App.php, line 904
[main] - [internal], line ??

2015-01-26 14:41:27 Debug: Notice (8): Indirect modification of overloaded property TopsController::$User has no effect in [C:\phpdocs\cake\incl\Controller\AppController.php, line 38]
Trace:
AppController::beforeFilter() - APP\Controller\AppController.php, line 38
call_user_func - [internal], line ??
CakeEventManager::dispatch() - CORE\Cake\Event\CakeEventManager.php, line 242
Controller::startupProcess() - CORE\Cake\Controller\Controller.php, line 674
Dispatcher::_invoke() - CORE\Cake\Routing\Dispatcher.php, line 187
Dispatcher::dispatch() - CORE\Cake\Routing\Dispatcher.php, line 165
[main] - APP\webroot\index.php, line 99

2015-01-26 14:41:27 Debug: Notice (8): Indirect modification of overloaded property CakeErrorController::$User has no effect in [C:\phpdocs\cake\incl\Controller\AppController.php, line 38]
Trace:
AppController::beforeFilter() - APP\Controller\AppController.php, line 38
call_user_func - [internal], line ??
CakeEventManager::dispatch() - CORE\Cake\Event\CakeEventManager.php, line 242
Controller::startupProcess() - CORE\Cake\Controller\Controller.php, line 674
ExceptionRenderer::_getController() - CORE\Cake\Error\ExceptionRenderer.php, line 155
ExceptionRenderer::__construct() - CORE\Cake\Error\ExceptionRenderer.php, line 92
ErrorHandler::handleException() - CORE\Cake\Error\ErrorHandler.php, line 118
call_user_func - [internal], line ??
ErrorHandler::handleFatalError() - CORE\Cake\Error\ErrorHandler.php, line 254
ErrorHandler::handleError() - CORE\Cake\Error\ErrorHandler.php, line 203
call_user_func - [internal], line ??
App::_checkFatalError() - CORE\Cake\Core\App.php, line 931
App::shutdown() - CORE\Cake\Core\App.php, line 904
[main] - [internal], line ??

2015-01-26 14:41:34 Debug: Notice (8): Indirect modification of overloaded property TopsController::$User has no effect in [C:\phpdocs\cake\incl\Controller\AppController.php, line 38]
Trace:
AppController::beforeFilter() - APP\Controller\AppController.php, line 38
call_user_func - [internal], line ??
CakeEventManager::dispatch() - CORE\Cake\Event\CakeEventManager.php, line 242
Controller::startupProcess() - CORE\Cake\Controller\Controller.php, line 674
Dispatcher::_invoke() - CORE\Cake\Routing\Dispatcher.php, line 187
Dispatcher::dispatch() - CORE\Cake\Routing\Dispatcher.php, line 165
[main] - APP\webroot\index.php, line 99

2015-01-26 14:41:35 Debug: Notice (8): Indirect modification of overloaded property CakeErrorController::$User has no effect in [C:\phpdocs\cake\incl\Controller\AppController.php, line 38]
Trace:
AppController::beforeFilter() - APP\Controller\AppController.php, line 38
call_user_func - [internal], line ??
CakeEventManager::dispatch() - CORE\Cake\Event\CakeEventManager.php, line 242
Controller::startupProcess() - CORE\Cake\Controller\Controller.php, line 674
ExceptionRenderer::_getController() - CORE\Cake\Error\ExceptionRenderer.php, line 155
ExceptionRenderer::__construct() - CORE\Cake\Error\ExceptionRenderer.php, line 92
ErrorHandler::handleException() - CORE\Cake\Error\ErrorHandler.php, line 118
call_user_func - [internal], line ??
ErrorHandler::handleFatalError() - CORE\Cake\Error\ErrorHandler.php, line 254
ErrorHandler::handleError() - CORE\Cake\Error\ErrorHandler.php, line 203
call_user_func - [internal], line ??
App::_checkFatalError() - CORE\Cake\Core\App.php, line 931
App::shutdown() - CORE\Cake\Core\App.php, line 904
[main] - [internal], line ??

2015-01-27 03:24:24 Debug: Notice (8): Indirect modification of overloaded property CakeErrorController::$User has no effect in [C:\phpdocs\cake\incl\Controller\AppController.php, line 38]
Trace:
AppController::beforeFilter() - APP\Controller\AppController.php, line 38
call_user_func - [internal], line ??
CakeEventManager::dispatch() - CORE\Cake\Event\CakeEventManager.php, line 242
Controller::startupProcess() - CORE\Cake\Controller\Controller.php, line 674
ExceptionRenderer::_getController() - CORE\Cake\Error\ExceptionRenderer.php, line 155
ExceptionRenderer::__construct() - CORE\Cake\Error\ExceptionRenderer.php, line 92
ErrorHandler::handleException() - CORE\Cake\Error\ErrorHandler.php, line 118
call_user_func - [internal], line ??
ErrorHandler::handleFatalError() - CORE\Cake\Error\ErrorHandler.php, line 254
ErrorHandler::handleError() - CORE\Cake\Error\ErrorHandler.php, line 203
call_user_func - [internal], line ??
App::_checkFatalError() - CORE\Cake\Core\App.php, line 931
App::shutdown() - CORE\Cake\Core\App.php, line 904
[main] - [internal], line ??

2015-01-27 03:24:34 Debug: Notice (8): Indirect modification of overloaded property CakeErrorController::$User has no effect in [C:\phpdocs\cake\incl\Controller\AppController.php, line 38]
Trace:
AppController::beforeFilter() - APP\Controller\AppController.php, line 38
call_user_func - [internal], line ??
CakeEventManager::dispatch() - CORE\Cake\Event\CakeEventManager.php, line 242
Controller::startupProcess() - CORE\Cake\Controller\Controller.php, line 674
ExceptionRenderer::_getController() - CORE\Cake\Error\ExceptionRenderer.php, line 155
ExceptionRenderer::__construct() - CORE\Cake\Error\ExceptionRenderer.php, line 92
ErrorHandler::handleException() - CORE\Cake\Error\ErrorHandler.php, line 118
call_user_func - [internal], line ??
ErrorHandler::handleFatalError() - CORE\Cake\Error\ErrorHandler.php, line 254
ErrorHandler::handleError() - CORE\Cake\Error\ErrorHandler.php, line 203
call_user_func - [internal], line ??
App::_checkFatalError() - CORE\Cake\Core\App.php, line 931
App::shutdown() - CORE\Cake\Core\App.php, line 904
[main] - [internal], line ??

2015-01-27 03:24:55 Debug: Notice (8): Indirect modification of overloaded property CakeErrorController::$User has no effect in [C:\phpdocs\cake\incl\Controller\AppController.php, line 38]
Trace:
AppController::beforeFilter() - APP\Controller\AppController.php, line 38
call_user_func - [internal], line ??
CakeEventManager::dispatch() - CORE\Cake\Event\CakeEventManager.php, line 242
Controller::startupProcess() - CORE\Cake\Controller\Controller.php, line 674
ExceptionRenderer::_getController() - CORE\Cake\Error\ExceptionRenderer.php, line 155
ExceptionRenderer::__construct() - CORE\Cake\Error\ExceptionRenderer.php, line 92
ErrorHandler::handleException() - CORE\Cake\Error\ErrorHandler.php, line 118
call_user_func - [internal], line ??
ErrorHandler::handleFatalError() - CORE\Cake\Error\ErrorHandler.php, line 254
ErrorHandler::handleError() - CORE\Cake\Error\ErrorHandler.php, line 203
call_user_func - [internal], line ??
App::_checkFatalError() - CORE\Cake\Core\App.php, line 931
App::shutdown() - CORE\Cake\Core\App.php, line 904
[main] - [internal], line ??

2015-01-27 03:25:06 Debug: Notice (8): Indirect modification of overloaded property CakeErrorController::$User has no effect in [C:\phpdocs\cake\incl\Controller\AppController.php, line 38]
Trace:
AppController::beforeFilter() - APP\Controller\AppController.php, line 38
call_user_func - [internal], line ??
CakeEventManager::dispatch() - CORE\Cake\Event\CakeEventManager.php, line 242
Controller::startupProcess() - CORE\Cake\Controller\Controller.php, line 674
ExceptionRenderer::_getController() - CORE\Cake\Error\ExceptionRenderer.php, line 155
ExceptionRenderer::__construct() - CORE\Cake\Error\ExceptionRenderer.php, line 92
ErrorHandler::handleException() - CORE\Cake\Error\ErrorHandler.php, line 118
call_user_func - [internal], line ??
ErrorHandler::handleFatalError() - CORE\Cake\Error\ErrorHandler.php, line 254
ErrorHandler::handleError() - CORE\Cake\Error\ErrorHandler.php, line 203
call_user_func - [internal], line ??
App::_checkFatalError() - CORE\Cake\Core\App.php, line 931
App::shutdown() - CORE\Cake\Core\App.php, line 904
[main] - [internal], line ??

